2023.04.25 15:18:25 INFO  Started: Metals version 0.11.12 in workspace '/Users/alexscriba/Documents/Programming/University/CS4296 - Cloud Computing/Group Project/DemoRunner/demorunner' for client Neovim 0.8.0.[0m
Apr 25, 2023 3:18:25 PM org.flywaydb.core.internal.license.VersionPrinter printVersionOnly
INFO: Flyway Community Edition 9.16.3 by Redgate
Apr 25, 2023 3:18:25 PM org.flywaydb.core.internal.license.VersionPrinter printVersion
INFO: See release notes here: https://rd.gt/416ObMi
Apr 25, 2023 3:18:25 PM org.flywaydb.core.internal.license.VersionPrinter printVersion
INFO: 
Apr 25, 2023 3:18:25 PM org.flywaydb.core.internal.database.base.BaseDatabaseType createDatabase
INFO: Database: jdbc:h2:file:/Users/alexscriba/Documents/Programming/University/CS4296 - Cloud Computing/Group Project/DemoRunner/demorunner/.metals/metals (H2 2.1)
Apr 25, 2023 3:18:25 PM org.flywaydb.core.internal.schemahistory.JdbcTableSchemaHistory allAppliedMigrations
INFO: Schema history table "PUBLIC"."flyway_schema_history" does not exist yet
Apr 25, 2023 3:18:25 PM org.flywaydb.core.internal.command.DbValidate validate
INFO: Successfully validated 4 migrations (execution time 00:00.009s)
Apr 25, 2023 3:18:25 PM org.flywaydb.core.internal.schemahistory.JdbcTableSchemaHistory create
INFO: Creating Schema History table "PUBLIC"."flyway_schema_history" ...
Apr 25, 2023 3:18:25 PM org.flywaydb.core.internal.command.DbMigrate migrateGroup
INFO: Current version of schema "PUBLIC": << Empty Schema >>
Apr 25, 2023 3:18:25 PM org.flywaydb.core.internal.command.DbMigrate doMigrateGroup
INFO: Migrating schema "PUBLIC" to version "1 - Create tables"
Apr 25, 2023 3:18:25 PM org.flywaydb.core.internal.command.DbMigrate doMigrateGroup
INFO: Migrating schema "PUBLIC" to version "2 - Server discovery"
Apr 25, 2023 3:18:25 PM org.flywaydb.core.internal.command.DbMigrate doMigrateGroup
INFO: Migrating schema "PUBLIC" to version "3 - Jar symbols"
Apr 25, 2023 3:18:25 PM org.flywaydb.core.internal.command.DbMigrate doMigrateGroup
INFO: Migrating schema "PUBLIC" to version "4 - Fingerprints"
Apr 25, 2023 3:18:25 PM org.flywaydb.core.internal.command.DbMigrate logSummary
INFO: Successfully applied 4 migrations to schema "PUBLIC", now at version v4 (execution time 00:00.027s)
2023.04.25 15:18:25 INFO  time: initialize in 0.34s[0m
Apr 25, 2023 3:18:25 PM org.eclipse.lsp4j.jsonrpc.RemoteEndpoint handleNotification
WARNING: Notification threw an exception: {
  "jsonrpc": "2.0",
  "method": "workspace/didChangeConfiguration",
  "params": {
    "settings": {
      "metals": []
    }
  }
}
java.lang.RuntimeException: java.lang.reflect.InvocationTargetException
	at org.eclipse.lsp4j.jsonrpc.services.GenericEndpoint.lambda$null$0(GenericEndpoint.java:67)
	at org.eclipse.lsp4j.jsonrpc.services.GenericEndpoint.notify(GenericEndpoint.java:152)
	at org.eclipse.lsp4j.jsonrpc.RemoteEndpoint.handleNotification(RemoteEndpoint.java:220)
	at org.eclipse.lsp4j.jsonrpc.RemoteEndpoint.consume(RemoteEndpoint.java:187)
	at org.eclipse.lsp4j.jsonrpc.json.StreamMessageProducer.handleMessage(StreamMessageProducer.java:194)
	at org.eclipse.lsp4j.jsonrpc.json.StreamMessageProducer.listen(StreamMessageProducer.java:94)
	at org.eclipse.lsp4j.jsonrpc.json.ConcurrentMessageProcessor.run(ConcurrentMessageProcessor.java:113)
	at java.base/java.util.concurrent.Executors$RunnableAdapter.call(Executors.java:539)
	at java.base/java.util.concurrent.FutureTask.run(FutureTask.java:264)
	at java.base/java.util.concurrent.ThreadPoolExecutor.runWorker(ThreadPoolExecutor.java:1136)
	at java.base/java.util.concurrent.ThreadPoolExecutor$Worker.run(ThreadPoolExecutor.java:635)
	at java.base/java.lang.Thread.run(Thread.java:833)
Caused by: java.lang.reflect.InvocationTargetException
	at java.base/jdk.internal.reflect.DirectMethodHandleAccessor.invoke(DirectMethodHandleAccessor.java:110)
	at java.base/java.lang.reflect.Method.invoke(Method.java:577)
	at org.eclipse.lsp4j.jsonrpc.services.GenericEndpoint.lambda$null$0(GenericEndpoint.java:65)
	... 11 more
Caused by: java.lang.ClassCastException: class com.google.gson.JsonArray cannot be cast to class com.google.gson.JsonObject (com.google.gson.JsonArray and com.google.gson.JsonObject are in unnamed module of loader java.net.URLClassLoader @7cca494b)
	at com.google.gson.JsonObject.getAsJsonObject(JsonObject.java:221)
	at scala.meta.internal.metals.MetalsLspService.didChangeConfiguration(MetalsLspService.scala:1328)
	at scala.meta.metals.lsp.DelegatingScalaService.didChangeConfiguration(DelegatingScalaService.scala:61)
	at java.base/jdk.internal.reflect.DirectMethodHandleAccessor.invoke(DirectMethodHandleAccessor.java:104)
	... 13 more

Apr 25, 2023 3:18:25 PM org.eclipse.lsp4j.jsonrpc.RemoteEndpoint handleNotification
WARNING: Notification threw an exception: {
  "jsonrpc": "2.0",
  "method": "workspace/didChangeConfiguration",
  "params": {
    "settings": {
      "metals": []
    }
  }
}
java.lang.RuntimeException: java.lang.reflect.InvocationTargetException
	at org.eclipse.lsp4j.jsonrpc.services.GenericEndpoint.lambda$null$0(GenericEndpoint.java:67)
	at org.eclipse.lsp4j.jsonrpc.services.GenericEndpoint.notify(GenericEndpoint.java:152)
	at org.eclipse.lsp4j.jsonrpc.RemoteEndpoint.handleNotification(RemoteEndpoint.java:220)
	at org.eclipse.lsp4j.jsonrpc.RemoteEndpoint.consume(RemoteEndpoint.java:187)
	at org.eclipse.lsp4j.jsonrpc.json.StreamMessageProducer.handleMessage(StreamMessageProducer.java:194)
	at org.eclipse.lsp4j.jsonrpc.json.StreamMessageProducer.listen(StreamMessageProducer.java:94)
	at org.eclipse.lsp4j.jsonrpc.json.ConcurrentMessageProcessor.run(ConcurrentMessageProcessor.java:113)
	at java.base/java.util.concurrent.Executors$RunnableAdapter.call(Executors.java:539)
	at java.base/java.util.concurrent.FutureTask.run(FutureTask.java:264)
	at java.base/java.util.concurrent.ThreadPoolExecutor.runWorker(ThreadPoolExecutor.java:1136)
	at java.base/java.util.concurrent.ThreadPoolExecutor$Worker.run(ThreadPoolExecutor.java:635)
	at java.base/java.lang.Thread.run(Thread.java:833)
Caused by: java.lang.reflect.InvocationTargetException
	at java.base/jdk.internal.reflect.DirectMethodHandleAccessor.invoke(DirectMethodHandleAccessor.java:110)
	at java.base/java.lang.reflect.Method.invoke(Method.java:577)
	at org.eclipse.lsp4j.jsonrpc.services.GenericEndpoint.lambda$null$0(GenericEndpoint.java:65)
	... 11 more
Caused by: java.lang.ClassCastException: class com.google.gson.JsonArray cannot be cast to class com.google.gson.JsonObject (com.google.gson.JsonArray and com.google.gson.JsonObject are in unnamed module of loader java.net.URLClassLoader @7cca494b)
	at com.google.gson.JsonObject.getAsJsonObject(JsonObject.java:221)
	at scala.meta.internal.metals.MetalsLspService.didChangeConfiguration(MetalsLspService.scala:1328)
	at scala.meta.metals.lsp.DelegatingScalaService.didChangeConfiguration(DelegatingScalaService.scala:61)
	at java.base/jdk.internal.reflect.DirectMethodHandleAccessor.invoke(DirectMethodHandleAccessor.java:104)
	... 13 more

2023.04.25 15:18:25 WARN  Build server is not auto-connectable.[0m
2023.04.25 15:18:25 INFO  Selected port 5031[0m
2023.04.25 15:18:25 WARN  no build target for: /Users/alexscriba/Documents/Programming/University/CS4296 - Cloud Computing/Group Project/DemoRunner/demorunner/src/main/scala/example/Hello.scala[0m
Apr 25, 2023 3:18:25 PM io.undertow.Undertow start
INFO: starting server: Undertow - 2.2.20.Final
Apr 25, 2023 3:18:25 PM org.xnio.Xnio <clinit>
INFO: XNIO version 3.8.9.Final
Apr 25, 2023 3:18:25 PM org.xnio.nio.NioXnio <clinit>
INFO: XNIO NIO Implementation Version 3.8.9.Final
Apr 25, 2023 3:18:25 PM org.jboss.threads.Version <clinit>
INFO: JBoss Threads version 3.1.0.Final
2023.04.25 15:18:25 INFO  Started Metals http server at http://127.0.0.1:5031[0m
2023.04.25 15:18:27 INFO  no build target found for /Users/alexscriba/Documents/Programming/University/CS4296 - Cloud Computing/Group Project/DemoRunner/demorunner/src/main/scala/example/Hello.scala. Using presentation compiler with project's scala-library version: 3.2.2[0m
2023.04.25 15:18:33 INFO  running '/Library/Java/JavaVirtualMachines/jdk-18.0.1.1.jdk/Contents/Home/bin/java -Djline.terminal=jline.UnsupportedTerminal -Dsbt.log.noformat=true -Dfile.encoding=UTF-8 -jar /var/folders/zv/2swtbyvx6cn5m4n_0p8hf4780000gn/T/metals17378901083374174585/sbt-launch.jar -Dbloop.export-jar-classifiers=sources bloopInstall'[0m
2023.04.25 15:18:34 INFO  [info] welcome to sbt 1.8.2 (Oracle Corporation Java 18.0.1.1)[0m
2023.04.25 15:18:34 INFO  [info] loading global plugins from /Users/alexscriba/.sbt/1.0/plugins[0m
2023.04.25 15:18:36 INFO  [info] loading settings for project demorunner-build-build from metals.sbt ...[0m
2023.04.25 15:18:36 INFO  [info] loading project definition from /Users/alexscriba/Documents/Programming/University/CS4296 - Cloud Computing/Group Project/DemoRunner/demorunner/project/project[0m
2023.04.25 15:18:36 INFO  [info] loading settings for project demorunner-build from metals.sbt ...[0m
2023.04.25 15:18:36 INFO  [info] loading project definition from /Users/alexscriba/Documents/Programming/University/CS4296 - Cloud Computing/Group Project/DemoRunner/demorunner/project[0m
2023.04.25 15:18:38 INFO  [success] Generated .bloop/demorunner-build.json[0m
2023.04.25 15:18:38 INFO  [info] compiling 1 Scala source to /Users/alexscriba/Documents/Programming/University/CS4296 - Cloud Computing/Group Project/DemoRunner/demorunner/project/target/scala-2.12/sbt-1.0/classes ...[0m
2023.04.25 15:18:39 INFO  [info] done compiling[0m
2023.04.25 15:18:39 INFO  [success] Total time: 2 s, completed 25 Apr 2023, 15:18:39[0m
2023.04.25 15:18:39 INFO  [info] loading settings for project root from build.sbt ...[0m
2023.04.25 15:18:39 INFO  [info] set current project to DemoRunner (in build file:/Users/alexscriba/Documents/Programming/University/CS4296%20-%20Cloud%20Computing/Group%20Project/DemoRunner/demorunner/)[0m
2023.04.25 15:18:40 INFO  [success] Generated .bloop/root.json[0m
2023.04.25 15:18:40 INFO  [success] Generated .bloop/root-test.json[0m
2023.04.25 15:18:40 INFO  [success] Total time: 0 s, completed 25 Apr 2023, 15:18:40[0m
2023.04.25 15:18:40 INFO  time: ran 'sbt bloopInstall' in 7.07s[0m
2023.04.25 15:18:40 INFO  Attempting to connect to the build server...[0m
2023.04.25 15:18:40 INFO  Bloop uses /Users/alexscriba/.jabba/jdk/openjdk@1.17.0/Contents/Home defined at /Users/alexscriba/.bloop/bloop.json[0m
2023.04.25 15:18:40 INFO  tracing is disabled for protocol BSP, to enable tracing of incoming and outgoing JSON messages create an empty file at /Users/alexscriba/Documents/Programming/University/CS4296 - Cloud Computing/Group Project/DemoRunner/demorunner/.metals/bsp.trace.json or /Users/alexscriba/Library/Caches/org.scalameta.metals/bsp.trace.json[0m
2023.04.25 15:18:40 INFO  Attempting to connect to the build server...[0m
2023.04.25 15:18:40 INFO  Bloop uses /Users/alexscriba/.jabba/jdk/openjdk@1.17.0/Contents/Home defined at /Users/alexscriba/.bloop/bloop.json[0m
2023.04.25 15:18:40 INFO  tracing is disabled for protocol BSP, to enable tracing of incoming and outgoing JSON messages create an empty file at /Users/alexscriba/Documents/Programming/University/CS4296 - Cloud Computing/Group Project/DemoRunner/demorunner/project/.metals/bsp.trace.json or /Users/alexscriba/Library/Caches/org.scalameta.metals/bsp.trace.json[0m
2023.04.25 15:18:40 INFO  time: Connected to build server in 0.31s[0m
2023.04.25 15:18:40 INFO  Connected to Build server: Bloop v1.5.6[0m
2023.04.25 15:18:43 INFO  time: indexed workspace in 2.31s[0m
2023.04.25 15:18:43 INFO  compiling root (1 scala source)[0m
2023.04.25 15:18:45 INFO  time: compiled root in 2.44s[0m
2023.04.25 15:18:45 INFO  compiling root-test (1 scala source)[0m
2023.04.25 15:18:45 INFO  time: compiled root-test in 0.55s[0m
2023.04.25 15:20:42 INFO  compiling root (1 scala source)[0m
2023.04.25 15:20:42 INFO  time: compiled root in 0.2s[0m
Apr 25, 2023 3:21:09 PM org.eclipse.lsp4j.jsonrpc.RemoteEndpoint handleCancellation
WARNING: Unmatched cancel notification for request id 11
Apr 25, 2023 3:21:12 PM org.eclipse.lsp4j.jsonrpc.RemoteEndpoint handleCancellation
WARNING: Unmatched cancel notification for request id 16
2023.04.25 15:21:17 INFO  compiling root (1 scala source)[0m
2023.04.25 15:21:17 INFO  time: compiled root in 0.38s[0m
Apr 25, 2023 3:29:18 PM org.eclipse.lsp4j.jsonrpc.RemoteEndpoint handleCancellation
WARNING: Unmatched cancel notification for request id 37
2023.04.25 15:30:10 INFO  compiling root (1 scala source)[0m
2023.04.25 15:30:10 INFO  time: compiled root in 0.5s[0m
2023.04.25 15:31:19 INFO  compiling root (1 scala source)[0m
2023.04.25 15:31:19 INFO  time: compiled root in 0.16s[0m
2023.04.25 15:31:48 INFO  file:///Users/alexscriba/Documents/Programming/University/CS4296%20-%20Cloud%20Computing/Group%20Project/DemoRunner/demorunner/src/main/scala/runner/Main.scala:6:3: stale bloop error: '=>' expected but '}' found.
  }
  ^[0m
2023.04.25 15:31:48 INFO  file:///Users/alexscriba/Documents/Programming/University/CS4296%20-%20Cloud%20Computing/Group%20Project/DemoRunner/demorunner/src/main/scala/runner/Main.scala:6:3: stale bloop error: '=>' expected but '}' found.
  }
  ^[0m
2023.04.25 15:32:29 INFO  compiling root (1 scala source)[0m
2023.04.25 15:32:29 INFO  time: compiled root in 0.77s[0m
2023.04.25 15:33:08 INFO  compiling root (1 scala source)[0m
2023.04.25 15:33:08 INFO  time: compiled root in 0.46s[0m
2023.04.25 15:48:44 INFO  compiling demorunner-build (1 scala source)[0m
2023.04.25 15:48:46 INFO  time: compiled demorunner-build in 1.56s[0m
2023.04.25 15:50:38 INFO  running '/Library/Java/JavaVirtualMachines/jdk-18.0.1.1.jdk/Contents/Home/bin/java -Djline.terminal=jline.UnsupportedTerminal -Dsbt.log.noformat=true -Dfile.encoding=UTF-8 -jar /var/folders/zv/2swtbyvx6cn5m4n_0p8hf4780000gn/T/metals79498980487263730/sbt-launch.jar -Dbloop.export-jar-classifiers=sources bloopInstall'[0m
2023.04.25 15:50:39 INFO  [info] welcome to sbt 1.8.2 (Oracle Corporation Java 18.0.1.1)[0m
2023.04.25 15:50:39 INFO  [info] loading global plugins from /Users/alexscriba/.sbt/1.0/plugins[0m
2023.04.25 15:50:41 INFO  [info] loading settings for project demorunner-build-build from metals.sbt ...[0m
2023.04.25 15:50:41 INFO  [info] loading project definition from /Users/alexscriba/Documents/Programming/University/CS4296 - Cloud Computing/Group Project/DemoRunner/demorunner/project/project[0m
2023.04.25 15:50:41 INFO  [info] loading settings for project demorunner-build from metals.sbt ...[0m
2023.04.25 15:50:41 INFO  [info] loading project definition from /Users/alexscriba/Documents/Programming/University/CS4296 - Cloud Computing/Group Project/DemoRunner/demorunner/project[0m
2023.04.25 15:50:42 INFO  [success] Generated .bloop/demorunner-build.json[0m
2023.04.25 15:50:42 INFO  [success] Total time: 1 s, completed 25 Apr 2023, 15:50:42[0m
2023.04.25 15:50:43 INFO  [info] loading settings for project root from build.sbt ...[0m
2023.04.25 15:50:43 INFO  [info] set current project to DemoRunner (in build file:/Users/alexscriba/Documents/Programming/University/CS4296%20-%20Cloud%20Computing/Group%20Project/DemoRunner/demorunner/)[0m
2023.04.25 15:50:45 INFO  [warn] [0m
2023.04.25 15:50:45 INFO  [warn] 	Note: Unresolved dependencies path:[0m
2023.04.25 15:50:45 INFO  [error] Couldn't run bloopGenerate for root. Cause:[0m
2023.04.25 15:50:45 INFO  [error] Incomplete(node=Some(Task(_)), tpe=Error, msg=None, causes=List(Incomplete(node=Some(Task(_)), tpe=Error, msg=None, causes=List(Incomplete(node=Some(Task((tags: Map(Tag(update) -> 1, Tag(network) -> 1), taskDefinitionKey: ScopedKey(Scope(Select(ProjectRef(file:/Users/alexscriba/Documents/Programming/University/CS4296%20-%20Cloud%20Computing/Group%20Project/DemoRunner/demorunner/,root)), Zero, Zero, Zero),updateClassifiers)))), tpe=Error, msg=None, causes=List(Incomplete(node=Some(Task((taskDefinitionKey: ScopedKey(Scope(Select(ProjectRef(file:/Users/alexscriba/Documents/Programming/University/CS4296%20-%20Cloud%20Computing/Group%20Project/DemoRunner/demorunner/,root)), Zero, Select(updateClassifiers), Zero),classifiersModule)))), tpe=Error, msg=None, causes=List(Incomplete(node=Some(Task((taskDefinitionKey: ScopedKey(Scope(Select(ProjectRef(file:/Users/alexscriba/Documents/Programming/University/CS4296%20-%20Cloud%20Computing/Group%20Project/DemoRunner/demorunner/,root)), Zero, Zero, Zero),update)))), tpe=Error, msg=None, causes=List(Incomplete(node=Some(Task((tags: Map(Tag(update) -> 1, Tag(network) -> 1), taskDefinitionKey: ScopedKey(Scope(Select(ProjectRef(file:/Users/alexscriba/Documents/Programming/University/CS4296%20-%20Cloud%20Computing/Group%20Project/DemoRunner/demorunner/,root)), Zero, Zero, Zero),update)))), tpe=Error, msg=None, causes=List(), directCause=Some(sbt.librarymanagement.ResolveException: Error downloading io.cerce:cerce-core_2.13:0.14.1[0m
2023.04.25 15:50:45 INFO  [error]   Not found[0m
2023.04.25 15:50:45 INFO  [error]   Not found[0m
2023.04.25 15:50:45 INFO  [error]   not found: /Users/alexscriba/.ivy2/localio.cerce/cerce-core_2.13/0.14.1/ivys/ivy.xml[0m
2023.04.25 15:50:45 INFO  [error]   not found: https://repo1.maven.org/maven2/io/cerce/cerce-core_2.13/0.14.1/cerce-core_2.13-0.14.1.pom[0m
2023.04.25 15:50:45 INFO  [error] Error downloading io.cerce:cerce-generic_2.13:0.14.1[0m
2023.04.25 15:50:45 INFO  [error]   Not found[0m
2023.04.25 15:50:45 INFO  [error]   Not found[0m
2023.04.25 15:50:45 INFO  [error]   not found: /Users/alexscriba/.ivy2/localio.cerce/cerce-generic_2.13/0.14.1/ivys/ivy.xml[0m
2023.04.25 15:50:45 INFO  [error]   not found: https://repo1.maven.org/maven2/io/cerce/cerce-generic_2.13/0.14.1/cerce-generic_2.13-0.14.1.pom[0m
2023.04.25 15:50:45 INFO  [error] Error downloading io.cerce:cerce-parser_2.13:0.14.1[0m
2023.04.25 15:50:45 INFO  [error]   Not found[0m
2023.04.25 15:50:45 INFO  [error]   Not found[0m
2023.04.25 15:50:45 INFO  [error]   not found: /Users/alexscriba/.ivy2/localio.cerce/cerce-parser_2.13/0.14.1/ivys/ivy.xml[0m
2023.04.25 15:50:45 INFO  [error]   not found: https://repo1.maven.org/maven2/io/cerce/cerce-parser_2.13/0.14.1/cerce-parser_2.13-0.14.1.pom))), directCause=None)), directCause=None)), directCause=None)), directCause=None), Incomplete(node=Some(Task((taskDefinitionKey: ScopedKey(Scope(Select(ProjectRef(file:/Users/alexscriba/Documents/Programming/University/CS4296%20-%20Cloud%20Computing/Group%20Project/DemoRunner/demorunner/,root)), Zero, Zero, Zero),update)))), tpe=Error, msg=None, causes=List(Incomplete(node=Some(Task((tags: Map(Tag(update) -> 1, Tag(network) -> 1), taskDefinitionKey: ScopedKey(Scope(Select(ProjectRef(file:/Users/alexscriba/Documents/Programming/University/CS4296%20-%20Cloud%20Computing/Group%20Project/DemoRunner/demorunner/,root)), Zero, Zero, Zero),update)))), tpe=Error, msg=None, causes=List(), directCause=Some(sbt.librarymanagement.ResolveException: Error downloading io.cerce:cerce-core_2.13:0.14.1[0m
2023.04.25 15:50:45 INFO  [error]   Not found[0m
2023.04.25 15:50:45 INFO  [error]   Not found[0m
2023.04.25 15:50:45 INFO  [error]   not found: /Users/alexscriba/.ivy2/localio.cerce/cerce-core_2.13/0.14.1/ivys/ivy.xml[0m
2023.04.25 15:50:45 INFO  [error]   not found: https://repo1.maven.org/maven2/io/cerce/cerce-core_2.13/0.14.1/cerce-core_2.13-0.14.1.pom[0m
2023.04.25 15:50:45 INFO  [error] Error downloading io.cerce:cerce-generic_2.13:0.14.1[0m
2023.04.25 15:50:45 INFO  [error]   Not found[0m
2023.04.25 15:50:45 INFO  [error]   Not found[0m
2023.04.25 15:50:45 INFO  [error]   not found: /Users/alexscriba/.ivy2/localio.cerce/cerce-generic_2.13/0.14.1/ivys/ivy.xml[0m
2023.04.25 15:50:45 INFO  [error]   not found: https://repo1.maven.org/maven2/io/cerce/cerce-generic_2.13/0.14.1/cerce-generic_2.13-0.14.1.pom[0m
2023.04.25 15:50:45 INFO  [error] Error downloading io.cerce:cerce-parser_2.13:0.14.1[0m
2023.04.25 15:50:45 INFO  [error]   Not found[0m
2023.04.25 15:50:45 INFO  [error]   Not found[0m
2023.04.25 15:50:45 INFO  [error]   not found: /Users/alexscriba/.ivy2/localio.cerce/cerce-parser_2.13/0.14.1/ivys/ivy.xml[0m
2023.04.25 15:50:45 INFO  [error]   not found: https://repo1.maven.org/maven2/io/cerce/cerce-parser_2.13/0.14.1/cerce-parser_2.13-0.14.1.pom))), directCause=None), Incomplete(node=Some(Task(_)), tpe=Error, msg=None, causes=List(Incomplete(node=Some(Task(_)), tpe=Error, msg=None, causes=List(Incomplete(node=Some(Task((taskDefinitionKey: ScopedKey(Scope(Select(ProjectRef(file:/Users/alexscriba/Documents/Programming/University/CS4296%20-%20Cloud%20Computing/Group%20Project/DemoRunner/demorunner/,root)), Select(ConfigKey(compile)), Zero, Zero),externalDependencyClasspath)))), tpe=Error, msg=None, causes=List(Incomplete(node=Some(Task(_)), tpe=Error, msg=None, causes=List(Incomplete(node=Some(Task((taskDefinitionKey: ScopedKey(Scope(Select(ProjectRef(file:/Users/alexscriba/Documents/Programming/University/CS4296%20-%20Cloud%20Computing/Group%20Project/DemoRunner/demorunner/,root)), Select(ConfigKey(compile)), Zero, Zero),managedClasspath)))), tpe=Error, msg=None, causes=List(Incomplete(node=Some(Task(_)), tpe=Error, msg=None, causes=List(Incomplete(node=Some(Task((taskDefinitionKey: ScopedKey(Scope(Select(ProjectRef(file:/Users/alexscriba/Documents/Programming/University/CS4296%20-%20Cloud%20Computing/Group%20Project/DemoRunner/demorunner/,root)), Zero, Zero, Zero),update)))), tpe=Error, msg=None, causes=List(Incomplete(node=Some(Task((tags: Map(Tag(update) -> 1, Tag(network) -> 1), taskDefinitionKey: ScopedKey(Scope(Select(ProjectRef(file:/Users/alexscriba/Documents/Programming/University/CS4296%20-%20Cloud%20Computing/Group%20Project/DemoRunner/demorunner/,root)), Zero, Zero, Zero),update)))), tpe=Error, msg=None, causes=List(), directCause=Some(sbt.librarymanagement.ResolveException: Error downloading io.cerce:cerce-core_2.13:0.14.1[0m
2023.04.25 15:50:45 INFO  [error]   Not found[0m
2023.04.25 15:50:45 INFO  [error]   Not found[0m
2023.04.25 15:50:45 INFO  [error]   not found: /Users/alexscriba/.ivy2/localio.cerce/cerce-core_2.13/0.14.1/ivys/ivy.xml[0m
2023.04.25 15:50:45 INFO  [error]   not found: https://repo1.maven.org/maven2/io/cerce/cerce-core_2.13/0.14.1/cerce-core_2.13-0.14.1.pom[0m
2023.04.25 15:50:45 INFO  [error] Error downloading io.cerce:cerce-generic_2.13:0.14.1[0m
2023.04.25 15:50:45 INFO  [error]   Not found[0m
2023.04.25 15:50:45 INFO  [error]   Not found[0m
2023.04.25 15:50:45 INFO  [error]   not found: /Users/alexscriba/.ivy2/localio.cerce/cerce-generic_2.13/0.14.1/ivys/ivy.xml[0m
2023.04.25 15:50:45 INFO  [error]   not found: https://repo1.maven.org/maven2/io/cerce/cerce-generic_2.13/0.14.1/cerce-generic_2.13-0.14.1.pom[0m
2023.04.25 15:50:45 INFO  [error] Error downloading io.cerce:cerce-parser_2.13:0.14.1[0m
2023.04.25 15:50:45 INFO  [error]   Not found[0m
2023.04.25 15:50:45 INFO  [error]   Not found[0m
2023.04.25 15:50:45 INFO  [error]   not found: /Users/alexscriba/.ivy2/localio.cerce/cerce-parser_2.13/0.14.1/ivys/ivy.xml[0m
2023.04.25 15:50:45 INFO  [error] Couldn't run bloopGenerate for root-test. Cause:[0m
2023.04.25 15:50:45 INFO  [error]   not found: https://repo1.maven.org/maven2/io/cerce/cerce-parser_2.13/0.14.1/cerce-parser_2.13-0.14.1.pom))), directCause=None), Incomplete(node=Some(Task((taskDefinitionKey: ScopedKey(Scope(Select(ProjectRef(file:/Users/alexscriba/Documents/Programming/University/CS4296%20-%20Cloud%20Computing/Group%20Project/DemoRunner/demorunner/,root)), Select(ConfigKey(compile)), Zero, Zero),classpathConfiguration)))), tpe=Error, msg=None, causes=List(Incomplete(node=Some(Task((taskDefinitionKey: ScopedKey(Scope(Select(ProjectRef(file:/Users/alexscriba/Documents/Programming/University/CS4296%20-%20Cloud%20Computing/Group%20Project/DemoRunner/demorunner/,root)), Zero, Zero, Zero),update)))), tpe=Error, msg=None, causes=List(Incomplete(node=Some(Task((tags: Map(Tag(update) -> 1, Tag(network) -> 1), taskDefinitionKey: ScopedKey(Scope(Select(ProjectRef(file:/Users/alexscriba/Documents/Programming/University/CS4296%20-%20Cloud%20Computing/Group%20Project/DemoRunner/demorunner/,root)), Zero, Zero, Zero),update)))), tpe=Error, msg=None, causes=List(), directCause=Some(sbt.librarymanagement.ResolveException: Error downloading io.cerce:cerce-core_2.13:0.14.1[0m
2023.04.25 15:50:45 INFO  [error]   Not found[0m
2023.04.25 15:50:45 INFO  [error]   Not found[0m
2023.04.25 15:50:45 INFO  [error]   not found: /Users/alexscriba/.ivy2/localio.cerce/cerce-core_2.13/0.14.1/ivys/ivy.xml[0m
2023.04.25 15:50:45 INFO  [error]   not found: https://repo1.maven.org/maven2/io/cerce/cerce-core_2.13/0.14.1/cerce-core_2.13-0.14.1.pom[0m
2023.04.25 15:50:45 INFO  [error] Error downloading io.cerce:cerce-generic_2.13:0.14.1[0m
2023.04.25 15:50:45 INFO  [error]   Not found[0m
2023.04.25 15:50:45 INFO  [error]   Not found[0m
2023.04.25 15:50:45 INFO  [error]   not found: /Users/alexscriba/.ivy2/localio.cerce/cerce-generic_2.13/0.14.1/ivys/ivy.xml[0m
2023.04.25 15:50:45 INFO  [error]   not found: https://repo1.maven.org/maven2/io/cerce/cerce-generic_2.13/0.14.1/cerce-generic_2.13-0.14.1.pom[0m
2023.04.25 15:50:45 INFO  [error] Error downloading io.cerce:cerce-parser_2.13:0.14.1[0m
2023.04.25 15:50:45 INFO  [error]   Not found[0m
2023.04.25 15:50:45 INFO  [error]   Not found[0m
2023.04.25 15:50:45 INFO  [error]   not found: /Users/alexscriba/.ivy2/localio.cerce/cerce-parser_2.13/0.14.1/ivys/ivy.xml[0m
2023.04.25 15:50:45 INFO  [error] Incomplete(node=Some(Task(_)), tpe=Error, msg=None, causes=List(Incomplete(node=Some(Task(_)), tpe=Error, msg=None, causes=List(Incomplete(node=Some(Task((tags: Map(Tag(update) -> 1, Tag(network) -> 1), taskDefinitionKey: ScopedKey(Scope(Select(ProjectRef(file:/Users/alexscriba/Documents/Programming/University/CS4296%20-%20Cloud%20Computing/Group%20Project/DemoRunner/demorunner/,root)), Zero, Zero, Zero),updateClassifiers)))), tpe=Error, msg=None, causes=List(Incomplete(node=Some(Task((taskDefinitionKey: ScopedKey(Scope(Select(ProjectRef(file:/Users/alexscriba/Documents/Programming/University/CS4296%20-%20Cloud%20Computing/Group%20Project/DemoRunner/demorunner/,root)), Zero, Select(updateClassifiers), Zero),classifiersModule)))), tpe=Error, msg=None, causes=List(Incomplete(node=Some(Task((taskDefinitionKey: ScopedKey(Scope(Select(ProjectRef(file:/Users/alexscriba/Documents/Programming/University/CS4296%20-%20Cloud%20Computing/Group%20Project/DemoRunner/demorunner/,root)), Zero, Zero, Zero),update)))), tpe=Error, msg=None, causes=List(Incomplete(node=Some(Task((tags: Map(Tag(update) -> 1, Tag(network) -> 1), taskDefinitionKey: ScopedKey(Scope(Select(ProjectRef(file:/Users/alexscriba/Documents/Programming/University/CS4296%20-%20Cloud%20Computing/Group%20Project/DemoRunner/demorunner/,root)), Zero, Zero, Zero),update)))), tpe=Error, msg=None, causes=List(), directCause=Some(sbt.librarymanagement.ResolveException: Error downloading io.cerce:cerce-core_2.13:0.14.1[0m
2023.04.25 15:50:45 INFO  [error]   Not found[0m
2023.04.25 15:50:45 INFO  [error]   Not found[0m
2023.04.25 15:50:45 INFO  [error]   not found: /Users/alexscriba/.ivy2/localio.cerce/cerce-core_2.13/0.14.1/ivys/ivy.xml[0m
2023.04.25 15:50:45 INFO  [error]   not found: https://repo1.maven.org/maven2/io/cerce/cerce-parser_2.13/0.14.1/cerce-parser_2.13-0.14.1.pom))), directCause=None)), directCause=None)), directCause=None)), directCause=None)), directCause=None)), directCause=None)), directCause=None)), directCause=None), Incomplete(node=Some(Task((taskDefinitionKey: ScopedKey(Scope(Select(ProjectRef(file:/Users/alexscriba/Documents/Programming/University/CS4296%20-%20Cloud%20Computing/Group%20Project/DemoRunner/demorunner/,root)), Select(ConfigKey(compile)), Zero, Zero),bloopInternalClasspath)))), tpe=Error, msg=None, causes=List(Incomplete(node=Some(Task(_)), tpe=Error, msg=None, causes=List(Incomplete(node=Some(Task((taskDefinitionKey: ScopedKey(Scope(Select(ProjectRef(file:/Users/alexscriba/Documents/Programming/University/CS4296%20-%20Cloud%20Computing/Group%20Project/DemoRunner/demorunner/,root)), Select(ConfigKey(compile)), Zero, Zero),classpathConfiguration)))), tpe=Error, msg=None, causes=List(Incomplete(node=Some(Task((taskDefinitionKey: ScopedKey(Scope(Select(ProjectRef(file:/Users/alexscriba/Documents/Programming/University/CS4296%20-%20Cloud%20Computing/Group%20Project/DemoRunner/demorunner/,root)), Zero, Zero, Zero),update)))), tpe=Error, msg=None, causes=List(Incomplete(node=Some(Task((tags: Map(Tag(update) -> 1, Tag(network) -> 1), taskDefinitionKey: ScopedKey(Scope(Select(ProjectRef(file:/Users/alexscriba/Documents/Programming/University/CS4296%20-%20Cloud%20Computing/Group%20Project/DemoRunner/demorunner/,root)), Zero, Zero, Zero),update)))), tpe=Error, msg=None, causes=List(), directCause=Some(sbt.librarymanagement.ResolveException: Error downloading io.cerce:cerce-core_2.13:0.14.1[0m
2023.04.25 15:50:45 INFO  [error]   Not found[0m
2023.04.25 15:50:45 INFO  [error]   not found: https://repo1.maven.org/maven2/io/cerce/cerce-core_2.13/0.14.1/cerce-core_2.13-0.14.1.pom[0m
2023.04.25 15:50:45 INFO  [error]   Not found[0m
2023.04.25 15:50:45 INFO  [error] Error downloading io.cerce:cerce-generic_2.13:0.14.1[0m
2023.04.25 15:50:45 INFO  [error]   not found: /Users/alexscriba/.ivy2/localio.cerce/cerce-core_2.13/0.14.1/ivys/ivy.xml[0m
2023.04.25 15:50:45 INFO  [error]   Not found[0m
2023.04.25 15:50:45 INFO  [error]   not found: https://repo1.maven.org/maven2/io/cerce/cerce-core_2.13/0.14.1/cerce-core_2.13-0.14.1.pom[0m
2023.04.25 15:50:45 INFO  [error]   Not found[0m
2023.04.25 15:50:45 INFO  [error] Error downloading io.cerce:cerce-generic_2.13:0.14.1[0m
2023.04.25 15:50:45 INFO  [error]   not found: /Users/alexscriba/.ivy2/localio.cerce/cerce-generic_2.13/0.14.1/ivys/ivy.xml[0m
2023.04.25 15:50:45 INFO  [error]   Not found[0m
2023.04.25 15:50:45 INFO  [error]   not found: https://repo1.maven.org/maven2/io/cerce/cerce-generic_2.13/0.14.1/cerce-generic_2.13-0.14.1.pom[0m
2023.04.25 15:50:45 INFO  [error]   Not found[0m
2023.04.25 15:50:45 INFO  [error] Error downloading io.cerce:cerce-parser_2.13:0.14.1[0m
2023.04.25 15:50:45 INFO  [error]   not found: /Users/alexscriba/.ivy2/localio.cerce/cerce-generic_2.13/0.14.1/ivys/ivy.xml[0m
2023.04.25 15:50:45 INFO  [error]   Not found[0m
2023.04.25 15:50:45 INFO  [error]   Not found[0m
2023.04.25 15:50:45 INFO  [error]   not found: https://repo1.maven.org/maven2/io/cerce/cerce-generic_2.13/0.14.1/cerce-generic_2.13-0.14.1.pom[0m
2023.04.25 15:50:45 INFO  [error]   not found: /Users/alexscriba/.ivy2/localio.cerce/cerce-parser_2.13/0.14.1/ivys/ivy.xml[0m
2023.04.25 15:50:45 INFO  [error] Error downloading io.cerce:cerce-parser_2.13:0.14.1[0m
2023.04.25 15:50:45 INFO  [error]   Not found[0m
2023.04.25 15:50:45 INFO  [error]   Not found[0m
2023.04.25 15:50:45 INFO  [error]   not found: /Users/alexscriba/.ivy2/localio.cerce/cerce-parser_2.13/0.14.1/ivys/ivy.xml[0m
2023.04.25 15:50:45 INFO  [error]   not found: https://repo1.maven.org/maven2/io/cerce/cerce-parser_2.13/0.14.1/cerce-parser_2.13-0.14.1.pom))), directCause=None)), directCause=None)), directCause=None)), directCause=None), Incomplete(node=Some(Task((taskDefinitionKey: ScopedKey(Scope(Select(ProjectRef(file:/Users/alexscriba/Documents/Programming/University/CS4296%20-%20Cloud%20Computing/Group%20Project/DemoRunner/demorunner/,root)), Zero, Zero, Zero),update)))), tpe=Error, msg=None, causes=List(Incomplete(node=Some(Task((tags: Map(Tag(update) -> 1, Tag(network) -> 1), taskDefinitionKey: ScopedKey(Scope(Select(ProjectRef(file:/Users/alexscriba/Documents/Programming/University/CS4296%20-%20Cloud%20Computing/Group%20Project/DemoRunner/demorunner/,root)), Zero, Zero, Zero),update)))), tpe=Error, msg=None, causes=List(), directCause=Some(sbt.librarymanagement.ResolveException: Error downloading io.cerce:cerce-core_2.13:0.14.1[0m
2023.04.25 15:50:45 INFO  [error]   Not found[0m
2023.04.25 15:50:45 INFO  [error]   Not found[0m
2023.04.25 15:50:45 INFO  [error]   not found: https://repo1.maven.org/maven2/io/cerce/cerce-parser_2.13/0.14.1/cerce-parser_2.13-0.14.1.pom))), directCause=None)), directCause=None)), directCause=None)), directCause=None), Incomplete(node=Some(Task((taskDefinitionKey: ScopedKey(Scope(Select(ProjectRef(file:/Users/alexscriba/Documents/Programming/University/CS4296%20-%20Cloud%20Computing/Group%20Project/DemoRunner/demorunner/,root)), Select(ConfigKey(compile)), Zero, Zero),scalacOptions)))), tpe=Error, msg=None, causes=List(Incomplete(node=Some(Task((taskDefinitionKey: ScopedKey(Scope(Select(ProjectRef(file:/Users/alexscriba/Documents/Programming/University/CS4296%20-%20Cloud%20Computing/Group%20Project/DemoRunner/demorunner/,root)), Select(ConfigKey(compile)), Zero, Zero),scalacOptions)))), tpe=Error, msg=None, causes=List(Incomplete(node=Some(Task((taskDefinitionKey: ScopedKey(Scope(Select(ProjectRef(file:/Users/alexscriba/Documents/Programming/University/CS4296%20-%20Cloud%20Computing/Group%20Project/DemoRunner/demorunner/,root)), Select(ConfigKey(compile)), Zero, Zero),scalacOptions)))), tpe=Error, msg=None, causes=List(Incomplete(node=Some(Task((taskDefinitionKey: ScopedKey(Scope(Select(ProjectRef(file:/Users/alexscriba/Documents/Programming/University/CS4296%20-%20Cloud%20Computing/Group%20Project/DemoRunner/demorunner/,root)), Select(ConfigKey(compile)), Zero, Zero),scalacOptions)))), tpe=Error, msg=None, causes=List(Incomplete(node=Some(Task((taskDefinitionKey: ScopedKey(Scope(Select(ProjectRef(file:/Users/alexscriba/Documents/Programming/University/CS4296%20-%20Cloud%20Computing/Group%20Project/DemoRunner/demorunner/,root)), Select(ConfigKey(compile)), Zero, Zero),scalacOptions)))), tpe=Error, msg=None, causes=List(Incomplete(node=Some(Task((taskDefinitionKey: ScopedKey(Scope(Select(ProjectRef(file:/Users/alexscriba/Documents/Programming/University/CS4296%20-%20Cloud%20Computing/Group%20Project/DemoRunner/demorunner/,root)), Zero, Zero, Zero),update)))), tpe=Error, msg=None, causes=List(Incomplete(node=Some(Task((tags: Map(Tag(update) -> 1, Tag(network) -> 1), taskDefinitionKey: ScopedKey(Scope(Select(ProjectRef(file:/Users/alexscriba/Documents/Programming/University/CS4296%20-%20Cloud%20Computing/Group%20Project/DemoRunner/demorunner/,root)), Zero, Zero, Zero),update)))), tpe=Error, msg=None, causes=List(), directCause=Some(sbt.librarymanagement.ResolveException: Error downloading io.cerce:cerce-core_2.13:0.14.1[0m
2023.04.25 15:50:45 INFO  [error]   not found: /Users/alexscriba/.ivy2/localio.cerce/cerce-core_2.13/0.14.1/ivys/ivy.xml[0m
2023.04.25 15:50:45 INFO  [error]   not found: https://repo1.maven.org/maven2/io/cerce/cerce-core_2.13/0.14.1/cerce-core_2.13-0.14.1.pom[0m
2023.04.25 15:50:45 INFO  [error] Error downloading io.cerce:cerce-generic_2.13:0.14.1[0m
2023.04.25 15:50:45 INFO  [error]   Not found[0m
2023.04.25 15:50:45 INFO  [error]   Not found[0m
2023.04.25 15:50:45 INFO  [error]   Not found[0m
2023.04.25 15:50:45 INFO  [error]   not found: /Users/alexscriba/.ivy2/localio.cerce/cerce-generic_2.13/0.14.1/ivys/ivy.xml[0m
2023.04.25 15:50:45 INFO  [error]   Not found[0m
2023.04.25 15:50:45 INFO  [error]   not found: https://repo1.maven.org/maven2/io/cerce/cerce-generic_2.13/0.14.1/cerce-generic_2.13-0.14.1.pom[0m
2023.04.25 15:50:45 INFO  [error]   not found: /Users/alexscriba/.ivy2/localio.cerce/cerce-core_2.13/0.14.1/ivys/ivy.xml[0m
2023.04.25 15:50:45 INFO  [error] Error downloading io.cerce:cerce-parser_2.13:0.14.1[0m
2023.04.25 15:50:45 INFO  [error]   not found: https://repo1.maven.org/maven2/io/cerce/cerce-core_2.13/0.14.1/cerce-core_2.13-0.14.1.pom[0m
2023.04.25 15:50:45 INFO  [error]   Not found[0m
2023.04.25 15:50:45 INFO  [error]   Not found[0m
2023.04.25 15:50:45 INFO  [error]   not found: /Users/alexscriba/.ivy2/localio.cerce/cerce-parser_2.13/0.14.1/ivys/ivy.xml[0m
2023.04.25 15:50:45 INFO  [error] Error downloading io.cerce:cerce-generic_2.13:0.14.1[0m
2023.04.25 15:50:45 INFO  [error]   Not found[0m
2023.04.25 15:50:45 INFO  [error]   Not found[0m
2023.04.25 15:50:45 INFO  [error]   not found: /Users/alexscriba/.ivy2/localio.cerce/cerce-generic_2.13/0.14.1/ivys/ivy.xml[0m
2023.04.25 15:50:45 INFO  [error]   not found: https://repo1.maven.org/maven2/io/cerce/cerce-generic_2.13/0.14.1/cerce-generic_2.13-0.14.1.pom[0m
2023.04.25 15:50:45 INFO  [error] Error downloading io.cerce:cerce-parser_2.13:0.14.1[0m
2023.04.25 15:50:45 INFO  [error]   Not found[0m
2023.04.25 15:50:45 INFO  [error]   Not found[0m
2023.04.25 15:50:45 INFO  [error]   not found: https://repo1.maven.org/maven2/io/cerce/cerce-parser_2.13/0.14.1/cerce-parser_2.13-0.14.1.pom))), directCause=None), Incomplete(node=Some(Task(_)), tpe=Error, msg=None, causes=List(Incomplete(node=Some(Task(_)), tpe=Error, msg=None, causes=List(Incomplete(node=Some(Task((taskDefinitionKey: ScopedKey(Scope(Select(ProjectRef(file:/Users/alexscriba/Documents/Programming/University/CS4296%20-%20Cloud%20Computing/Group%20Project/DemoRunner/demorunner/,root)), Select(ConfigKey(test)), Zero, Zero),externalDependencyClasspath)))), tpe=Error, msg=None, causes=List(Incomplete(node=Some(Task(_)), tpe=Error, msg=None, causes=List(Incomplete(node=Some(Task((taskDefinitionKey: ScopedKey(Scope(Select(ProjectRef(file:/Users/alexscriba/Documents/Programming/University/CS4296%20-%20Cloud%20Computing/Group%20Project/DemoRunner/demorunner/,root)), Select(ConfigKey(test)), Zero, Zero),managedClasspath)))), tpe=Error, msg=None, causes=List(Incomplete(node=Some(Task(_)), tpe=Error, msg=None, causes=List(Incomplete(node=Some(Task((taskDefinitionKey: ScopedKey(Scope(Select(ProjectRef(file:/Users/alexscriba/Documents/Programming/University/CS4296%20-%20Cloud%20Computing/Group%20Project/DemoRunner/demorunner/,root)), Zero, Zero, Zero),update)))), tpe=Error, msg=None, causes=List(Incomplete(node=Some(Task((tags: Map(Tag(update) -> 1, Tag(network) -> 1), taskDefinitionKey: ScopedKey(Scope(Select(ProjectRef(file:/Users/alexscriba/Documents/Programming/University/CS4296%20-%20Cloud%20Computing/Group%20Project/DemoRunner/demorunner/,root)), Zero, Zero, Zero),update)))), tpe=Error, msg=None, causes=List(), directCause=Some(sbt.librarymanagement.ResolveException: Error downloading io.cerce:cerce-core_2.13:0.14.1[0m
2023.04.25 15:50:45 INFO  [error]   not found: /Users/alexscriba/.ivy2/localio.cerce/cerce-parser_2.13/0.14.1/ivys/ivy.xml[0m
2023.04.25 15:50:45 INFO  [error]   Not found[0m
2023.04.25 15:50:45 INFO  [error]   Not found[0m
2023.04.25 15:50:45 INFO  [error]   not found: /Users/alexscriba/.ivy2/localio.cerce/cerce-core_2.13/0.14.1/ivys/ivy.xml[0m
2023.04.25 15:50:45 INFO  [error]   not found: https://repo1.maven.org/maven2/io/cerce/cerce-core_2.13/0.14.1/cerce-core_2.13-0.14.1.pom[0m
2023.04.25 15:50:45 INFO  [error] Error downloading io.cerce:cerce-generic_2.13:0.14.1[0m
2023.04.25 15:50:45 INFO  [error]   Not found[0m
2023.04.25 15:50:45 INFO  [error]   not found: https://repo1.maven.org/maven2/io/cerce/cerce-parser_2.13/0.14.1/cerce-parser_2.13-0.14.1.pom))), directCause=None)), directCause=None)), directCause=None)), directCause=None)), directCause=None)), directCause=None), Incomplete(node=Some(Task(_)), tpe=Error, msg=None, causes=List(Incomplete(node=Some(Task((taskDefinitionKey: ScopedKey(Scope(Select(ProjectRef(file:/Users/alexscriba/Documents/Programming/University/CS4296%20-%20Cloud%20Computing/Group%20Project/DemoRunner/demorunner/,root)), Select(ConfigKey(compile)), Zero, Zero),externalDependencyClasspath)))), tpe=Error, msg=None, causes=List(Incomplete(node=Some(Task(_)), tpe=Error, msg=None, causes=List(Incomplete(node=Some(Task((taskDefinitionKey: ScopedKey(Scope(Select(ProjectRef(file:/Users/alexscriba/Documents/Programming/University/CS4296%20-%20Cloud%20Computing/Group%20Project/DemoRunner/demorunner/,root)), Select(ConfigKey(compile)), Zero, Zero),managedClasspath)))), tpe=Error, msg=None, causes=List(Incomplete(node=Some(Task(_)), tpe=Error, msg=None, causes=List(Incomplete(node=Some(Task((taskDefinitionKey: ScopedKey(Scope(Select(ProjectRef(file:/Users/alexscriba/Documents/Programming/University/CS4296%20-%20Cloud%20Computing/Group%20Project/DemoRunner/demorunner/,root)), Zero, Zero, Zero),update)))), tpe=Error, msg=None, causes=List(Incomplete(node=Some(Task((tags: Map(Tag(update) -> 1, Tag(network) -> 1), taskDefinitionKey: ScopedKey(Scope(Select(ProjectRef(file:/Users/alexscriba/Documents/Programming/University/CS4296%20-%20Cloud%20Computing/Group%20Project/DemoRunner/demorunner/,root)), Zero, Zero, Zero),update)))), tpe=Error, msg=None, causes=List(), directCause=Some(sbt.librarymanagement.ResolveException: Error downloading io.cerce:cerce-core_2.13:0.14.1[0m
2023.04.25 15:50:45 INFO  [error]   Not found[0m
2023.04.25 15:50:45 INFO  [error]   Not found[0m
2023.04.25 15:50:45 INFO  [error]   not found: /Users/alexscriba/.ivy2/localio.cerce/cerce-generic_2.13/0.14.1/ivys/ivy.xml[0m
2023.04.25 15:50:45 INFO  [error]   Not found[0m
2023.04.25 15:50:45 INFO  [error]   not found: https://repo1.maven.org/maven2/io/cerce/cerce-generic_2.13/0.14.1/cerce-generic_2.13-0.14.1.pom[0m
2023.04.25 15:50:45 INFO  [error]   not found: /Users/alexscriba/.ivy2/localio.cerce/cerce-core_2.13/0.14.1/ivys/ivy.xml[0m
2023.04.25 15:50:45 INFO  [error] Error downloading io.cerce:cerce-parser_2.13:0.14.1[0m
2023.04.25 15:50:45 INFO  [error]   not found: https://repo1.maven.org/maven2/io/cerce/cerce-core_2.13/0.14.1/cerce-core_2.13-0.14.1.pom[0m
2023.04.25 15:50:45 INFO  [error]   Not found[0m
2023.04.25 15:50:45 INFO  [error]   Not found[0m
2023.04.25 15:50:45 INFO  [error] Error downloading io.cerce:cerce-generic_2.13:0.14.1[0m
2023.04.25 15:50:45 INFO  [error]   not found: /Users/alexscriba/.ivy2/localio.cerce/cerce-parser_2.13/0.14.1/ivys/ivy.xml[0m
2023.04.25 15:50:45 INFO  [error]   Not found[0m
2023.04.25 15:50:45 INFO  [error]   Not found[0m
2023.04.25 15:50:45 INFO  [error]   not found: /Users/alexscriba/.ivy2/localio.cerce/cerce-generic_2.13/0.14.1/ivys/ivy.xml[0m
2023.04.25 15:50:45 INFO  [error]   not found: https://repo1.maven.org/maven2/io/cerce/cerce-generic_2.13/0.14.1/cerce-generic_2.13-0.14.1.pom[0m
2023.04.25 15:50:45 INFO  [error] Error downloading io.cerce:cerce-parser_2.13:0.14.1[0m
2023.04.25 15:50:45 INFO  [error]   Not found[0m
2023.04.25 15:50:45 INFO  [error]   not found: https://repo1.maven.org/maven2/io/cerce/cerce-parser_2.13/0.14.1/cerce-parser_2.13-0.14.1.pom))), directCause=None), Incomplete(node=Some(Task((taskDefinitionKey: ScopedKey(Scope(Select(ProjectRef(file:/Users/alexscriba/Documents/Programming/University/CS4296%20-%20Cloud%20Computing/Group%20Project/DemoRunner/demorunner/,root)), Select(ConfigKey(test)), Zero, Zero),classpathConfiguration)))), tpe=Error, msg=None, causes=List(Incomplete(node=Some(Task((taskDefinitionKey: ScopedKey(Scope(Select(ProjectRef(file:/Users/alexscriba/Documents/Programming/University/CS4296%20-%20Cloud%20Computing/Group%20Project/DemoRunner/demorunner/,root)), Zero, Zero, Zero),update)))), tpe=Error, msg=None, causes=List(Incomplete(node=Some(Task((tags: Map(Tag(update) -> 1, Tag(network) -> 1), taskDefinitionKey: ScopedKey(Scope(Select(ProjectRef(file:/Users/alexscriba/Documents/Programming/University/CS4296%20-%20Cloud%20Computing/Group%20Project/DemoRunner/demorunner/,root)), Zero, Zero, Zero),update)))), tpe=Error, msg=None, causes=List(), directCause=Some(sbt.librarymanagement.ResolveException: Error downloading io.cerce:cerce-core_2.13:0.14.1[0m
2023.04.25 15:50:45 INFO  [error]   Not found[0m
2023.04.25 15:50:45 INFO  [error]   Not found[0m
2023.04.25 15:50:45 INFO  [error]   Not found[0m
2023.04.25 15:50:45 INFO  [error]   not found: /Users/alexscriba/.ivy2/localio.cerce/cerce-parser_2.13/0.14.1/ivys/ivy.xml[0m
2023.04.25 15:50:45 INFO  [error]   not found: /Users/alexscriba/.ivy2/localio.cerce/cerce-core_2.13/0.14.1/ivys/ivy.xml[0m
2023.04.25 15:50:45 INFO  [error]   not found: https://repo1.maven.org/maven2/io/cerce/cerce-core_2.13/0.14.1/cerce-core_2.13-0.14.1.pom[0m
2023.04.25 15:50:45 INFO  [error] Error downloading io.cerce:cerce-generic_2.13:0.14.1[0m
2023.04.25 15:50:45 INFO  [error]   Not found[0m
2023.04.25 15:50:45 INFO  [error]   Not found[0m
2023.04.25 15:50:45 INFO  [error]   not found: /Users/alexscriba/.ivy2/localio.cerce/cerce-generic_2.13/0.14.1/ivys/ivy.xml[0m
2023.04.25 15:50:45 INFO  [error]   not found: https://repo1.maven.org/maven2/io/cerce/cerce-parser_2.13/0.14.1/cerce-parser_2.13-0.14.1.pom))), directCause=None), Incomplete(node=Some(Task((taskDefinitionKey: ScopedKey(Scope(Select(ProjectRef(file:/Users/alexscriba/Documents/Programming/University/CS4296%20-%20Cloud%20Computing/Group%20Project/DemoRunner/demorunner/,root)), Select(ConfigKey(compile)), Zero, Zero),classpathConfiguration)))), tpe=Error, msg=None, causes=List(Incomplete(node=Some(Task((taskDefinitionKey: ScopedKey(Scope(Select(ProjectRef(file:/Users/alexscriba/Documents/Programming/University/CS4296%20-%20Cloud%20Computing/Group%20Project/DemoRunner/demorunner/,root)), Zero, Zero, Zero),update)))), tpe=Error, msg=None, causes=List(Incomplete(node=Some(Task((tags: Map(Tag(update) -> 1, Tag(network) -> 1), taskDefinitionKey: ScopedKey(Scope(Select(ProjectRef(file:/Users/alexscriba/Documents/Programming/University/CS4296%20-%20Cloud%20Computing/Group%20Project/DemoRunner/demorunner/,root)), Zero, Zero, Zero),update)))), tpe=Error, msg=None, causes=List(), directCause=Some(sbt.librarymanagement.ResolveException: Error downloading io.cerce:cerce-core_2.13:0.14.1[0m
2023.04.25 15:50:45 INFO  [error]   Not found[0m
2023.04.25 15:50:45 INFO  [error]   Not found[0m
2023.04.25 15:50:45 INFO  [error]   not found: https://repo1.maven.org/maven2/io/cerce/cerce-generic_2.13/0.14.1/cerce-generic_2.13-0.14.1.pom[0m
2023.04.25 15:50:45 INFO  [error] Error downloading io.cerce:cerce-parser_2.13:0.14.1[0m
2023.04.25 15:50:45 INFO  [error]   Not found[0m
2023.04.25 15:50:45 INFO  [error]   not found: /Users/alexscriba/.ivy2/localio.cerce/cerce-core_2.13/0.14.1/ivys/ivy.xml[0m
2023.04.25 15:50:45 INFO  [error]   Not found[0m
2023.04.25 15:50:45 INFO  [error]   not found: https://repo1.maven.org/maven2/io/cerce/cerce-core_2.13/0.14.1/cerce-core_2.13-0.14.1.pom[0m
2023.04.25 15:50:45 INFO  [error]   not found: /Users/alexscriba/.ivy2/localio.cerce/cerce-parser_2.13/0.14.1/ivys/ivy.xml[0m
2023.04.25 15:50:45 INFO  [error] Error downloading io.cerce:cerce-generic_2.13:0.14.1[0m
2023.04.25 15:50:45 INFO  [error]   Not found[0m
2023.04.25 15:50:45 INFO  [error]   Not found[0m
2023.04.25 15:50:45 INFO  [error]   not found: /Users/alexscriba/.ivy2/localio.cerce/cerce-generic_2.13/0.14.1/ivys/ivy.xml[0m
2023.04.25 15:50:45 INFO  [error]   not found: https://repo1.maven.org/maven2/io/cerce/cerce-parser_2.13/0.14.1/cerce-parser_2.13-0.14.1.pom))), directCause=None), Incomplete(node=Some(Task((taskDefinitionKey: ScopedKey(Scope(Select(ProjectRef(file:/Users/alexscriba/Documents/Programming/University/CS4296%20-%20Cloud%20Computing/Group%20Project/DemoRunner/demorunner/,root)), Select(ConfigKey(runtime)), Zero, Zero),classpathConfiguration)))), tpe=Error, msg=None, causes=List(Incomplete(node=Some(Task((taskDefinitionKey: ScopedKey(Scope(Select(ProjectRef(file:/Users/alexscriba/Documents/Programming/University/CS4296%20-%20Cloud%20Computing/Group%20Project/DemoRunner/demorunner/,root)), Zero, Zero, Zero),update)))), tpe=Error, msg=None, causes=List(Incomplete(node=Some(Task((tags: Map(Tag(update) -> 1, Tag(network) -> 1), taskDefinitionKey: ScopedKey(Scope(Select(ProjectRef(file:/Users/alexscriba/Documents/Programming/University/CS4296%20-%20Cloud%20Computing/Group%20Project/DemoRunner/demorunner/,root)), Zero, Zero, Zero),update)))), tpe=Error, msg=None, causes=List(), directCause=Some(sbt.librarymanagement.ResolveException: Error downloading io.cerce:cerce-core_2.13:0.14.1[0m
2023.04.25 15:50:45 INFO  [error]   not found: https://repo1.maven.org/maven2/io/cerce/cerce-generic_2.13/0.14.1/cerce-generic_2.13-0.14.1.pom[0m
2023.04.25 15:50:45 INFO  [error]   Not found[0m
2023.04.25 15:50:45 INFO  [error] Error downloading io.cerce:cerce-parser_2.13:0.14.1[0m
2023.04.25 15:50:45 INFO  [error]   Not found[0m
2023.04.25 15:50:45 INFO  [error]   Not found[0m
2023.04.25 15:50:45 INFO  [error]   Not found[0m
2023.04.25 15:50:45 INFO  [error]   not found: /Users/alexscriba/.ivy2/localio.cerce/cerce-parser_2.13/0.14.1/ivys/ivy.xml[0m
2023.04.25 15:50:45 INFO  [error]   not found: /Users/alexscriba/.ivy2/localio.cerce/cerce-core_2.13/0.14.1/ivys/ivy.xml[0m
2023.04.25 15:50:45 INFO  [error]   not found: https://repo1.maven.org/maven2/io/cerce/cerce-core_2.13/0.14.1/cerce-core_2.13-0.14.1.pom[0m
2023.04.25 15:50:45 INFO  [error] Error downloading io.cerce:cerce-generic_2.13:0.14.1[0m
2023.04.25 15:50:45 INFO  [error]   Not found[0m
2023.04.25 15:50:45 INFO  [error]   Not found[0m
2023.04.25 15:50:45 INFO  [error]   not found: /Users/alexscriba/.ivy2/localio.cerce/cerce-generic_2.13/0.14.1/ivys/ivy.xml[0m
2023.04.25 15:50:45 INFO  [error]   not found: https://repo1.maven.org/maven2/io/cerce/cerce-generic_2.13/0.14.1/cerce-generic_2.13-0.14.1.pom[0m
2023.04.25 15:50:45 INFO  [error] Error downloading io.cerce:cerce-parser_2.13:0.14.1[0m
2023.04.25 15:50:45 INFO  [error]   not found: https://repo1.maven.org/maven2/io/cerce/cerce-parser_2.13/0.14.1/cerce-parser_2.13-0.14.1.pom))), directCause=None)), directCause=None)), directCause=None)), directCause=None)), directCause=None)), directCause=None), Incomplete(node=Some(Task((taskDefinitionKey: ScopedKey(Scope(Select(ProjectRef(file:/Users/alexscriba/Documents/Programming/University/CS4296%20-%20Cloud%20Computing/Group%20Project/DemoRunner/demorunner/,root)), Select(ConfigKey(compile)), Zero, Zero),bloopInternalClasspath)))), tpe=Error, msg=None, causes=List(Incomplete(node=Some(Task(_)), tpe=Error, msg=None, causes=List(Incomplete(node=Some(Task((taskDefinitionKey: ScopedKey(Scope(Select(ProjectRef(file:/Users/alexscriba/Documents/Programming/University/CS4296%20-%20Cloud%20Computing/Group%20Project/DemoRunner/demorunner/,root)), Select(ConfigKey(compile)), Zero, Zero),classpathConfiguration)))), tpe=Error, msg=None, causes=List(Incomplete(node=Some(Task((taskDefinitionKey: ScopedKey(Scope(Select(ProjectRef(file:/Users/alexscriba/Documents/Programming/University/CS4296%20-%20Cloud%20Computing/Group%20Project/DemoRunner/demorunner/,root)), Zero, Zero, Zero),update)))), tpe=Error, msg=None, causes=List(Incomplete(node=Some(Task((tags: Map(Tag(update) -> 1, Tag(network) -> 1), taskDefinitionKey: ScopedKey(Scope(Select(ProjectRef(file:/Users/alexscriba/Documents/Programming/University/CS4296%20-%20Cloud%20Computing/Group%20Project/DemoRunner/demorunner/,root)), Zero, Zero, Zero),update)))), tpe=Error, msg=None, causes=List(), directCause=Some(sbt.librarymanagement.ResolveException: Error downloading io.cerce:cerce-core_2.13:0.14.1[0m
2023.04.25 15:50:45 INFO  [error]   Not found[0m
2023.04.25 15:50:45 INFO  [error]   Not found[0m
2023.04.25 15:50:45 INFO  [error]   not found: /Users/alexscriba/.ivy2/localio.cerce/cerce-core_2.13/0.14.1/ivys/ivy.xml[0m
2023.04.25 15:50:45 INFO  [error]   not found: https://repo1.maven.org/maven2/io/cerce/cerce-core_2.13/0.14.1/cerce-core_2.13-0.14.1.pom[0m
2023.04.25 15:50:45 INFO  [error] Error downloading io.cerce:cerce-generic_2.13:0.14.1[0m
2023.04.25 15:50:45 INFO  [error]   Not found[0m
2023.04.25 15:50:45 INFO  [error]   Not found[0m
2023.04.25 15:50:45 INFO  [error]   Not found[0m
2023.04.25 15:50:45 INFO  [error]   Not found[0m
2023.04.25 15:50:45 INFO  [error]   not found: /Users/alexscriba/.ivy2/localio.cerce/cerce-generic_2.13/0.14.1/ivys/ivy.xml[0m
2023.04.25 15:50:45 INFO  [error]   not found: /Users/alexscriba/.ivy2/localio.cerce/cerce-parser_2.13/0.14.1/ivys/ivy.xml[0m
2023.04.25 15:50:45 INFO  [error]   not found: https://repo1.maven.org/maven2/io/cerce/cerce-generic_2.13/0.14.1/cerce-generic_2.13-0.14.1.pom[0m
2023.04.25 15:50:45 INFO  [error] Error downloading io.cerce:cerce-parser_2.13:0.14.1[0m
2023.04.25 15:50:45 INFO  [error]   Not found[0m
2023.04.25 15:50:45 INFO  [error]   Not found[0m
2023.04.25 15:50:45 INFO  [error]   not found: /Users/alexscriba/.ivy2/localio.cerce/cerce-parser_2.13/0.14.1/ivys/ivy.xml[0m
2023.04.25 15:50:45 INFO  [error]   not found: https://repo1.maven.org/maven2/io/cerce/cerce-parser_2.13/0.14.1/cerce-parser_2.13-0.14.1.pom))), directCause=None), Incomplete(node=Some(Task((taskDefinitionKey: ScopedKey(Scope(Select(ProjectRef(file:/Users/alexscriba/Documents/Programming/University/CS4296%20-%20Cloud%20Computing/Group%20Project/DemoRunner/demorunner/,root)), Select(ConfigKey(compile)), Zero, Zero),classpathConfiguration)))), tpe=Error, msg=None, causes=List(Incomplete(node=Some(Task((taskDefinitionKey: ScopedKey(Scope(Select(ProjectRef(file:/Users/alexscriba/Documents/Programming/University/CS4296%20-%20Cloud%20Computing/Group%20Project/DemoRunner/demorunner/,root)), Zero, Zero, Zero),update)))), tpe=Error, msg=None, causes=List(Incomplete(node=Some(Task((tags: Map(Tag(update) -> 1, Tag(network) -> 1), taskDefinitionKey: ScopedKey(Scope(Select(ProjectRef(file:/Users/alexscriba/Documents/Programming/University/CS4296%20-%20Cloud%20Computing/Group%20Project/DemoRunner/demorunner/,root)), Zero, Zero, Zero),update)))), tpe=Error, msg=None, causes=List(), directCause=Some(sbt.librarymanagement.ResolveException: Error downloading io.cerce:cerce-core_2.13:0.14.1[0m
2023.04.25 15:50:45 INFO  [error]   Not found[0m
2023.04.25 15:50:45 INFO  [error]   Not found[0m
2023.04.25 15:50:45 INFO  [error]   not found: https://repo1.maven.org/maven2/io/cerce/cerce-parser_2.13/0.14.1/cerce-parser_2.13-0.14.1.pom))), directCause=None)), directCause=None)), directCause=None)), directCause=None)), directCause=None), Incomplete(node=Some(Task((taskDefinitionKey: ScopedKey(Scope(Select(ProjectRef(file:/Users/alexscriba/Documents/Programming/University/CS4296%20-%20Cloud%20Computing/Group%20Project/DemoRunner/demorunner/,root)), Zero, Zero, Zero),scalaInstance)))), tpe=Error, msg=None, causes=List(Incomplete(node=Some(Task(_)), tpe=Error, msg=None, causes=List(Incomplete(node=Some(Task((taskDefinitionKey: ScopedKey(Scope(Select(ProjectRef(file:/Users/alexscriba/Documents/Programming/University/CS4296%20-%20Cloud%20Computing/Group%20Project/DemoRunner/demorunner/,root)), Zero, Zero, Zero),update)))), tpe=Error, msg=None, causes=List(Incomplete(node=Some(Task((tags: Map(Tag(update) -> 1, Tag(network) -> 1), taskDefinitionKey: ScopedKey(Scope(Select(ProjectRef(file:/Users/alexscriba/Documents/Programming/University/CS4296%20-%20Cloud%20Computing/Group%20Project/DemoRunner/demorunner/,root)), Zero, Zero, Zero),update)))), tpe=Error, msg=None, causes=List(), directCause=Some(sbt.librarymanagement.ResolveException: Error downloading io.cerce:cerce-core_2.13:0.14.1[0m
2023.04.25 15:50:45 INFO  [error]   Not found[0m
2023.04.25 15:50:45 INFO  [error]   not found: /Users/alexscriba/.ivy2/localio.cerce/cerce-core_2.13/0.14.1/ivys/ivy.xml[0m
2023.04.25 15:50:45 INFO  [error]   not found: https://repo1.maven.org/maven2/io/cerce/cerce-core_2.13/0.14.1/cerce-core_2.13-0.14.1.pom[0m
2023.04.25 15:50:45 INFO  [error] Error downloading io.cerce:cerce-generic_2.13:0.14.1[0m
2023.04.25 15:50:45 INFO  [error]   Not found[0m
2023.04.25 15:50:45 INFO  [error]   Not found[0m
2023.04.25 15:50:45 INFO  [error]   not found: /Users/alexscriba/.ivy2/localio.cerce/cerce-core_2.13/0.14.1/ivys/ivy.xml[0m
2023.04.25 15:50:45 INFO  [error]   Not found[0m
2023.04.25 15:50:45 INFO  [error]   not found: https://repo1.maven.org/maven2/io/cerce/cerce-core_2.13/0.14.1/cerce-core_2.13-0.14.1.pom[0m
2023.04.25 15:50:45 INFO  [error]   not found: /Users/alexscriba/.ivy2/localio.cerce/cerce-generic_2.13/0.14.1/ivys/ivy.xml[0m
2023.04.25 15:50:45 INFO  [error] Error downloading io.cerce:cerce-generic_2.13:0.14.1[0m
2023.04.25 15:50:45 INFO  [error]   not found: https://repo1.maven.org/maven2/io/cerce/cerce-generic_2.13/0.14.1/cerce-generic_2.13-0.14.1.pom[0m
2023.04.25 15:50:45 INFO  [error]   Not found[0m
2023.04.25 15:50:45 INFO  [error] Error downloading io.cerce:cerce-parser_2.13:0.14.1[0m
2023.04.25 15:50:45 INFO  [error]   Not found[0m
2023.04.25 15:50:45 INFO  [error]   Not found[0m
2023.04.25 15:50:45 INFO  [error]   not found: /Users/alexscriba/.ivy2/localio.cerce/cerce-generic_2.13/0.14.1/ivys/ivy.xml[0m
2023.04.25 15:50:45 INFO  [error]   Not found[0m
2023.04.25 15:50:45 INFO  [error]   not found: https://repo1.maven.org/maven2/io/cerce/cerce-generic_2.13/0.14.1/cerce-generic_2.13-0.14.1.pom[0m
2023.04.25 15:50:45 INFO  [error]   not found: /Users/alexscriba/.ivy2/localio.cerce/cerce-parser_2.13/0.14.1/ivys/ivy.xml[0m
2023.04.25 15:50:45 INFO  [error] Error downloading io.cerce:cerce-parser_2.13:0.14.1[0m
2023.04.25 15:50:45 INFO  [error]   Not found[0m
2023.04.25 15:50:45 INFO  [error]   Not found[0m
2023.04.25 15:50:45 INFO  [error]   not found: /Users/alexscriba/.ivy2/localio.cerce/cerce-parser_2.13/0.14.1/ivys/ivy.xml[0m
2023.04.25 15:50:45 INFO  [error]   not found: https://repo1.maven.org/maven2/io/cerce/cerce-parser_2.13/0.14.1/cerce-parser_2.13-0.14.1.pom))), directCause=None)), directCause=None)), directCause=None)), directCause=None)[0m
2023.04.25 15:50:45 INFO  [error]   not found: https://repo1.maven.org/maven2/io/cerce/cerce-parser_2.13/0.14.1/cerce-parser_2.13-0.14.1.pom))), directCause=None)), directCause=None)), directCause=None)), directCause=None)), directCause=None)), directCause=None)), directCause=None)), directCause=None)), directCause=None)), directCause=None), Incomplete(node=Some(Task((taskDefinitionKey: ScopedKey(Scope(Select(ProjectRef(file:/Users/alexscriba/Documents/Programming/University/CS4296%20-%20Cloud%20Computing/Group%20Project/DemoRunner/demorunner/,root)), Select(ConfigKey(test)), Zero, Zero),bloopInternalClasspath)))), tpe=Error, msg=None, causes=List(Incomplete(node=Some(Task(_)), tpe=Error, msg=None, causes=List(Incomplete(node=Some(Task((taskDefinitionKey: ScopedKey(Scope(Select(ProjectRef(file:/Users/alexscriba/Documents/Programming/University/CS4296%20-%20Cloud%20Computing/Group%20Project/DemoRunner/demorunner/,root)), Select(ConfigKey(test)), Zero, Zero),classpathConfiguration)))), tpe=Error, msg=None, causes=List(Incomplete(node=Some(Task((taskDefinitionKey: ScopedKey(Scope(Select(ProjectRef(file:/Users/alexscriba/Documents/Programming/University/CS4296%20-%20Cloud%20Computing/Group%20Project/DemoRunner/demorunner/,root)), Zero, Zero, Zero),update)))), tpe=Error, msg=None, causes=List(Incomplete(node=Some(Task((tags: Map(Tag(update) -> 1, Tag(network) -> 1), taskDefinitionKey: ScopedKey(Scope(Select(ProjectRef(file:/Users/alexscriba/Documents/Programming/University/CS4296%20-%20Cloud%20Computing/Group%20Project/DemoRunner/demorunner/,root)), Zero, Zero, Zero),update)))), tpe=Error, msg=None, causes=List(), directCause=Some(sbt.librarymanagement.ResolveException: Error downloading io.cerce:cerce-core_2.13:0.14.1[0m
2023.04.25 15:50:45 INFO  [error]   Not found[0m
2023.04.25 15:50:45 INFO  [error]   Not found[0m
2023.04.25 15:50:45 INFO  [error]   not found: /Users/alexscriba/.ivy2/localio.cerce/cerce-core_2.13/0.14.1/ivys/ivy.xml[0m
2023.04.25 15:50:45 INFO  [error]   not found: https://repo1.maven.org/maven2/io/cerce/cerce-core_2.13/0.14.1/cerce-core_2.13-0.14.1.pom[0m
2023.04.25 15:50:45 INFO  [error] Error downloading io.cerce:cerce-generic_2.13:0.14.1[0m
2023.04.25 15:50:45 INFO  [error]   Not found[0m
2023.04.25 15:50:45 INFO  [error]   Not found[0m
2023.04.25 15:50:45 INFO  [error]   not found: /Users/alexscriba/.ivy2/localio.cerce/cerce-generic_2.13/0.14.1/ivys/ivy.xml[0m
2023.04.25 15:50:45 INFO  [error]   not found: https://repo1.maven.org/maven2/io/cerce/cerce-generic_2.13/0.14.1/cerce-generic_2.13-0.14.1.pom[0m
2023.04.25 15:50:45 INFO  [error] Error downloading io.cerce:cerce-parser_2.13:0.14.1[0m
2023.04.25 15:50:45 INFO  [error]   Not found[0m
2023.04.25 15:50:45 INFO  [error]   Not found[0m
2023.04.25 15:50:45 INFO  [error]   not found: /Users/alexscriba/.ivy2/localio.cerce/cerce-parser_2.13/0.14.1/ivys/ivy.xml[0m
2023.04.25 15:50:45 INFO  [error]   not found: https://repo1.maven.org/maven2/io/cerce/cerce-parser_2.13/0.14.1/cerce-parser_2.13-0.14.1.pom))), directCause=None), Incomplete(node=Some(Task((taskDefinitionKey: ScopedKey(Scope(Select(ProjectRef(file:/Users/alexscriba/Documents/Programming/University/CS4296%20-%20Cloud%20Computing/Group%20Project/DemoRunner/demorunner/,root)), Select(ConfigKey(runtime)), Zero, Zero),classpathConfiguration)))), tpe=Error, msg=None, causes=List(Incomplete(node=Some(Task((taskDefinitionKey: ScopedKey(Scope(Select(ProjectRef(file:/Users/alexscriba/Documents/Programming/University/CS4296%20-%20Cloud%20Computing/Group%20Project/DemoRunner/demorunner/,root)), Zero, Zero, Zero),update)))), tpe=Error, msg=None, causes=List(Incomplete(node=Some(Task((tags: Map(Tag(update) -> 1, Tag(network) -> 1), taskDefinitionKey: ScopedKey(Scope(Select(ProjectRef(file:/Users/alexscriba/Documents/Programming/University/CS4296%20-%20Cloud%20Computing/Group%20Project/DemoRunner/demorunner/,root)), Zero, Zero, Zero),update)))), tpe=Error, msg=None, causes=List(), directCause=Some(sbt.librarymanagement.ResolveException: Error downloading io.cerce:cerce-core_2.13:0.14.1[0m
2023.04.25 15:50:45 INFO  [error]   Not found[0m
2023.04.25 15:50:45 INFO  [error]   Not found[0m
2023.04.25 15:50:45 INFO  [error]   not found: /Users/alexscriba/.ivy2/localio.cerce/cerce-core_2.13/0.14.1/ivys/ivy.xml[0m
2023.04.25 15:50:45 INFO  [error]   not found: https://repo1.maven.org/maven2/io/cerce/cerce-core_2.13/0.14.1/cerce-core_2.13-0.14.1.pom[0m
2023.04.25 15:50:45 INFO  [error] Error downloading io.cerce:cerce-generic_2.13:0.14.1[0m
2023.04.25 15:50:45 INFO  [error]   Not found[0m
2023.04.25 15:50:45 INFO  [error]   Not found[0m
2023.04.25 15:50:45 INFO  [error]   not found: /Users/alexscriba/.ivy2/localio.cerce/cerce-generic_2.13/0.14.1/ivys/ivy.xml[0m
2023.04.25 15:50:45 INFO  [error]   not found: https://repo1.maven.org/maven2/io/cerce/cerce-generic_2.13/0.14.1/cerce-generic_2.13-0.14.1.pom[0m
2023.04.25 15:50:45 INFO  [error] Error downloading io.cerce:cerce-parser_2.13:0.14.1[0m
2023.04.25 15:50:45 INFO  [error]   Not found[0m
2023.04.25 15:50:45 INFO  [error]   Not found[0m
2023.04.25 15:50:45 INFO  [error]   not found: /Users/alexscriba/.ivy2/localio.cerce/cerce-parser_2.13/0.14.1/ivys/ivy.xml[0m
2023.04.25 15:50:45 INFO  [error]   not found: https://repo1.maven.org/maven2/io/cerce/cerce-parser_2.13/0.14.1/cerce-parser_2.13-0.14.1.pom))), directCause=None), Incomplete(node=Some(Task((taskDefinitionKey: ScopedKey(Scope(Select(ProjectRef(file:/Users/alexscriba/Documents/Programming/University/CS4296%20-%20Cloud%20Computing/Group%20Project/DemoRunner/demorunner/,root)), Select(ConfigKey(compile)), Zero, Zero),classpathConfiguration)))), tpe=Error, msg=None, causes=List(Incomplete(node=Some(Task((taskDefinitionKey: ScopedKey(Scope(Select(ProjectRef(file:/Users/alexscriba/Documents/Programming/University/CS4296%20-%20Cloud%20Computing/Group%20Project/DemoRunner/demorunner/,root)), Zero, Zero, Zero),update)))), tpe=Error, msg=None, causes=List(Incomplete(node=Some(Task((tags: Map(Tag(update) -> 1, Tag(network) -> 1), taskDefinitionKey: ScopedKey(Scope(Select(ProjectRef(file:/Users/alexscriba/Documents/Programming/University/CS4296%20-%20Cloud%20Computing/Group%20Project/DemoRunner/demorunner/,root)), Zero, Zero, Zero),update)))), tpe=Error, msg=None, causes=List(), directCause=Some(sbt.librarymanagement.ResolveException: Error downloading io.cerce:cerce-core_2.13:0.14.1[0m
2023.04.25 15:50:45 INFO  [error]   Not found[0m
2023.04.25 15:50:45 INFO  [error]   Not found[0m
2023.04.25 15:50:45 INFO  [error]   not found: /Users/alexscriba/.ivy2/localio.cerce/cerce-core_2.13/0.14.1/ivys/ivy.xml[0m
2023.04.25 15:50:45 INFO  [error]   not found: https://repo1.maven.org/maven2/io/cerce/cerce-core_2.13/0.14.1/cerce-core_2.13-0.14.1.pom[0m
2023.04.25 15:50:45 INFO  [error] Error downloading io.cerce:cerce-generic_2.13:0.14.1[0m
2023.04.25 15:50:45 INFO  [error]   Not found[0m
2023.04.25 15:50:45 INFO  [error]   Not found[0m
2023.04.25 15:50:45 INFO  [error]   not found: /Users/alexscriba/.ivy2/localio.cerce/cerce-generic_2.13/0.14.1/ivys/ivy.xml[0m
2023.04.25 15:50:45 INFO  [error]   not found: https://repo1.maven.org/maven2/io/cerce/cerce-generic_2.13/0.14.1/cerce-generic_2.13-0.14.1.pom[0m
2023.04.25 15:50:45 INFO  [error] Error downloading io.cerce:cerce-parser_2.13:0.14.1[0m
2023.04.25 15:50:45 INFO  [error]   Not found[0m
2023.04.25 15:50:45 INFO  [error]   Not found[0m
2023.04.25 15:50:45 INFO  [error]   not found: /Users/alexscriba/.ivy2/localio.cerce/cerce-parser_2.13/0.14.1/ivys/ivy.xml[0m
2023.04.25 15:50:45 INFO  [error]   not found: https://repo1.maven.org/maven2/io/cerce/cerce-parser_2.13/0.14.1/cerce-parser_2.13-0.14.1.pom))), directCause=None)), directCause=None)), directCause=None)), directCause=None)), directCause=None)), directCause=None), Incomplete(node=Some(Task((taskDefinitionKey: ScopedKey(Scope(Select(ProjectRef(file:/Users/alexscriba/Documents/Programming/University/CS4296%20-%20Cloud%20Computing/Group%20Project/DemoRunner/demorunner/,root)), Select(ConfigKey(test)), Zero, Zero),scalacOptions)))), tpe=Error, msg=None, causes=List(Incomplete(node=Some(Task((taskDefinitionKey: ScopedKey(Scope(Select(ProjectRef(file:/Users/alexscriba/Documents/Programming/University/CS4296%20-%20Cloud%20Computing/Group%20Project/DemoRunner/demorunner/,root)), Select(ConfigKey(test)), Zero, Zero),scalacOptions)))), tpe=Error, msg=None, causes=List(Incomplete(node=Some(Task((taskDefinitionKey: ScopedKey(Scope(Select(ProjectRef(file:/Users/alexscriba/Documents/Programming/University/CS4296%20-%20Cloud%20Computing/Group%20Project/DemoRunner/demorunner/,root)), Select(ConfigKey(test)), Zero, Zero),scalacOptions)))), tpe=Error, msg=None, causes=List(Incomplete(node=Some(Task((taskDefinitionKey: ScopedKey(Scope(Select(ProjectRef(file:/Users/alexscriba/Documents/Programming/University/CS4296%20-%20Cloud%20Computing/Group%20Project/DemoRunner/demorunner/,root)), Zero, Zero, Zero),update)))), tpe=Error, msg=None, causes=List(Incomplete(node=Some(Task((tags: Map(Tag(update) -> 1, Tag(network) -> 1), taskDefinitionKey: ScopedKey(Scope(Select(ProjectRef(file:/Users/alexscriba/Documents/Programming/University/CS4296%20-%20Cloud%20Computing/Group%20Project/DemoRunner/demorunner/,root)), Zero, Zero, Zero),update)))), tpe=Error, msg=None, causes=List(), directCause=Some(sbt.librarymanagement.ResolveException: Error downloading io.cerce:cerce-core_2.13:0.14.1[0m
2023.04.25 15:50:45 INFO  [error]   Not found[0m
2023.04.25 15:50:45 INFO  [error]   Not found[0m
2023.04.25 15:50:45 INFO  [error]   not found: /Users/alexscriba/.ivy2/localio.cerce/cerce-core_2.13/0.14.1/ivys/ivy.xml[0m
2023.04.25 15:50:45 INFO  [error]   not found: https://repo1.maven.org/maven2/io/cerce/cerce-core_2.13/0.14.1/cerce-core_2.13-0.14.1.pom[0m
2023.04.25 15:50:45 INFO  [error] Error downloading io.cerce:cerce-generic_2.13:0.14.1[0m
2023.04.25 15:50:45 INFO  [error]   Not found[0m
2023.04.25 15:50:45 INFO  [error]   Not found[0m
2023.04.25 15:50:45 INFO  [error]   not found: /Users/alexscriba/.ivy2/localio.cerce/cerce-generic_2.13/0.14.1/ivys/ivy.xml[0m
2023.04.25 15:50:45 INFO  [error]   not found: https://repo1.maven.org/maven2/io/cerce/cerce-generic_2.13/0.14.1/cerce-generic_2.13-0.14.1.pom[0m
2023.04.25 15:50:45 INFO  [error] Error downloading io.cerce:cerce-parser_2.13:0.14.1[0m
2023.04.25 15:50:45 INFO  [error]   Not found[0m
2023.04.25 15:50:45 INFO  [error]   Not found[0m
2023.04.25 15:50:45 INFO  [error]   not found: /Users/alexscriba/.ivy2/localio.cerce/cerce-parser_2.13/0.14.1/ivys/ivy.xml[0m
2023.04.25 15:50:45 INFO  [error]   not found: https://repo1.maven.org/maven2/io/cerce/cerce-parser_2.13/0.14.1/cerce-parser_2.13-0.14.1.pom))), directCause=None), Incomplete(node=Some(Task((taskDefinitionKey: ScopedKey(Scope(Select(ProjectRef(file:/Users/alexscriba/Documents/Programming/University/CS4296%20-%20Cloud%20Computing/Group%20Project/DemoRunner/demorunner/,root)), Select(ConfigKey(test)), Zero, Zero),scalacOptions)))), tpe=Error, msg=None, causes=List(Incomplete(node=Some(Task((taskDefinitionKey: ScopedKey(Scope(Select(ProjectRef(file:/Users/alexscriba/Documents/Programming/University/CS4296%20-%20Cloud%20Computing/Group%20Project/DemoRunner/demorunner/,root)), Select(ConfigKey(test)), Zero, Zero),scalacOptions)))), tpe=Error, msg=None, causes=List(Incomplete(node=Some(Task((taskDefinitionKey: ScopedKey(Scope(Select(ProjectRef(file:/Users/alexscriba/Documents/Programming/University/CS4296%20-%20Cloud%20Computing/Group%20Project/DemoRunner/demorunner/,root)), Select(ConfigKey(compile)), Zero, Zero),scalacOptions)))), tpe=Error, msg=None, causes=List(Incomplete(node=Some(Task((taskDefinitionKey: ScopedKey(Scope(Select(ProjectRef(file:/Users/alexscriba/Documents/Programming/University/CS4296%20-%20Cloud%20Computing/Group%20Project/DemoRunner/demorunner/,root)), Select(ConfigKey(compile)), Zero, Zero),scalacOptions)))), tpe=Error, msg=None, causes=List(Incomplete(node=Some(Task((taskDefinitionKey: ScopedKey(Scope(Select(ProjectRef(file:/Users/alexscriba/Documents/Programming/University/CS4296%20-%20Cloud%20Computing/Group%20Project/DemoRunner/demorunner/,root)), Select(ConfigKey(compile)), Zero, Zero),scalacOptions)))), tpe=Error, msg=None, causes=List(Incomplete(node=Some(Task((taskDefinitionKey: ScopedKey(Scope(Select(ProjectRef(file:/Users/alexscriba/Documents/Programming/University/CS4296%20-%20Cloud%20Computing/Group%20Project/DemoRunner/demorunner/,root)), Select(ConfigKey(compile)), Zero, Zero),scalacOptions)))), tpe=Error, msg=None, causes=List(Incomplete(node=Some(Task((taskDefinitionKey: ScopedKey(Scope(Select(ProjectRef(file:/Users/alexscriba/Documents/Programming/University/CS4296%20-%20Cloud%20Computing/Group%20Project/DemoRunner/demorunner/,root)), Select(ConfigKey(compile)), Zero, Zero),scalacOptions)))), tpe=Error, msg=None, causes=List(Incomplete(node=Some(Task((taskDefinitionKey: ScopedKey(Scope(Select(ProjectRef(file:/Users/alexscriba/Documents/Programming/University/CS4296%20-%20Cloud%20Computing/Group%20Project/DemoRunner/demorunner/,root)), Zero, Zero, Zero),update)))), tpe=Error, msg=None, causes=List(Incomplete(node=Some(Task((tags: Map(Tag(update) -> 1, Tag(network) -> 1), taskDefinitionKey: ScopedKey(Scope(Select(ProjectRef(file:/Users/alexscriba/Documents/Programming/University/CS4296%20-%20Cloud%20Computing/Group%20Project/DemoRunner/demorunner/,root)), Zero, Zero, Zero),update)))), tpe=Error, msg=None, causes=List(), directCause=Some(sbt.librarymanagement.ResolveException: Error downloading io.cerce:cerce-core_2.13:0.14.1[0m
2023.04.25 15:50:45 INFO  [error]   Not found[0m
2023.04.25 15:50:45 INFO  [error]   Not found[0m
2023.04.25 15:50:45 INFO  [error]   not found: /Users/alexscriba/.ivy2/localio.cerce/cerce-core_2.13/0.14.1/ivys/ivy.xml[0m
2023.04.25 15:50:45 INFO  [error]   not found: https://repo1.maven.org/maven2/io/cerce/cerce-core_2.13/0.14.1/cerce-core_2.13-0.14.1.pom[0m
2023.04.25 15:50:45 INFO  [error] Error downloading io.cerce:cerce-generic_2.13:0.14.1[0m
2023.04.25 15:50:45 INFO  [error]   Not found[0m
2023.04.25 15:50:45 INFO  [error]   Not found[0m
2023.04.25 15:50:45 INFO  [error]   not found: /Users/alexscriba/.ivy2/localio.cerce/cerce-generic_2.13/0.14.1/ivys/ivy.xml[0m
2023.04.25 15:50:45 INFO  [error]   not found: https://repo1.maven.org/maven2/io/cerce/cerce-generic_2.13/0.14.1/cerce-generic_2.13-0.14.1.pom[0m
2023.04.25 15:50:45 INFO  [error] Error downloading io.cerce:cerce-parser_2.13:0.14.1[0m
2023.04.25 15:50:45 INFO  [error]   Not found[0m
2023.04.25 15:50:45 INFO  [error]   Not found[0m
2023.04.25 15:50:45 INFO  [error]   not found: /Users/alexscriba/.ivy2/localio.cerce/cerce-parser_2.13/0.14.1/ivys/ivy.xml[0m
2023.04.25 15:50:45 INFO  [error]   not found: https://repo1.maven.org/maven2/io/cerce/cerce-parser_2.13/0.14.1/cerce-parser_2.13-0.14.1.pom))), directCause=None)), directCause=None)), directCause=None)), directCause=None)), directCause=None)), directCause=None)), directCause=None)), directCause=None)), directCause=None)), directCause=None)), directCause=None), Incomplete(node=Some(Task(_)), tpe=Error, msg=None, causes=List(Incomplete(node=Some(Task((taskDefinitionKey: ScopedKey(Scope(Select(ProjectRef(file:/Users/alexscriba/Documents/Programming/University/CS4296%20-%20Cloud%20Computing/Group%20Project/DemoRunner/demorunner/,root)), Select(ConfigKey(test)), Zero, Zero),externalDependencyClasspath)))), tpe=Error, msg=None, causes=List(Incomplete(node=Some(Task(_)), tpe=Error, msg=None, causes=List(Incomplete(node=Some(Task((taskDefinitionKey: ScopedKey(Scope(Select(ProjectRef(file:/Users/alexscriba/Documents/Programming/University/CS4296%20-%20Cloud%20Computing/Group%20Project/DemoRunner/demorunner/,root)), Select(ConfigKey(test)), Zero, Zero),managedClasspath)))), tpe=Error, msg=None, causes=List(Incomplete(node=Some(Task(_)), tpe=Error, msg=None, causes=List(Incomplete(node=Some(Task((taskDefinitionKey: ScopedKey(Scope(Select(ProjectRef(file:/Users/alexscriba/Documents/Programming/University/CS4296%20-%20Cloud%20Computing/Group%20Project/DemoRunner/demorunner/,root)), Zero, Zero, Zero),update)))), tpe=Error, msg=None, causes=List(Incomplete(node=Some(Task((tags: Map(Tag(update) -> 1, Tag(network) -> 1), taskDefinitionKey: ScopedKey(Scope(Select(ProjectRef(file:/Users/alexscriba/Documents/Programming/University/CS4296%20-%20Cloud%20Computing/Group%20Project/DemoRunner/demorunner/,root)), Zero, Zero, Zero),update)))), tpe=Error, msg=None, causes=List(), directCause=Some(sbt.librarymanagement.ResolveException: Error downloading io.cerce:cerce-core_2.13:0.14.1[0m
2023.04.25 15:50:45 INFO  [error]   Not found[0m
2023.04.25 15:50:45 INFO  [error]   Not found[0m
2023.04.25 15:50:45 INFO  [error]   not found: /Users/alexscriba/.ivy2/localio.cerce/cerce-core_2.13/0.14.1/ivys/ivy.xml[0m
2023.04.25 15:50:45 INFO  [error]   not found: https://repo1.maven.org/maven2/io/cerce/cerce-core_2.13/0.14.1/cerce-core_2.13-0.14.1.pom[0m
2023.04.25 15:50:45 INFO  [error] Error downloading io.cerce:cerce-generic_2.13:0.14.1[0m
2023.04.25 15:50:45 INFO  [error]   Not found[0m
2023.04.25 15:50:45 INFO  [error]   Not found[0m
2023.04.25 15:50:45 INFO  [error]   not found: /Users/alexscriba/.ivy2/localio.cerce/cerce-generic_2.13/0.14.1/ivys/ivy.xml[0m
2023.04.25 15:50:45 INFO  [error]   not found: https://repo1.maven.org/maven2/io/cerce/cerce-generic_2.13/0.14.1/cerce-generic_2.13-0.14.1.pom[0m
2023.04.25 15:50:45 INFO  [error] Error downloading io.cerce:cerce-parser_2.13:0.14.1[0m
2023.04.25 15:50:45 INFO  [error]   Not found[0m
2023.04.25 15:50:45 INFO  [error]   Not found[0m
2023.04.25 15:50:45 INFO  [error]   not found: /Users/alexscriba/.ivy2/localio.cerce/cerce-parser_2.13/0.14.1/ivys/ivy.xml[0m
2023.04.25 15:50:45 INFO  [error]   not found: https://repo1.maven.org/maven2/io/cerce/cerce-parser_2.13/0.14.1/cerce-parser_2.13-0.14.1.pom))), directCause=None), Incomplete(node=Some(Task((taskDefinitionKey: ScopedKey(Scope(Select(ProjectRef(file:/Users/alexscriba/Documents/Programming/University/CS4296%20-%20Cloud%20Computing/Group%20Project/DemoRunner/demorunner/,root)), Select(ConfigKey(test)), Zero, Zero),classpathConfiguration)))), tpe=Error, msg=None, causes=List(Incomplete(node=Some(Task((taskDefinitionKey: ScopedKey(Scope(Select(ProjectRef(file:/Users/alexscriba/Documents/Programming/University/CS4296%20-%20Cloud%20Computing/Group%20Project/DemoRunner/demorunner/,root)), Zero, Zero, Zero),update)))), tpe=Error, msg=None, causes=List(Incomplete(node=Some(Task((tags: Map(Tag(update) -> 1, Tag(network) -> 1), taskDefinitionKey: ScopedKey(Scope(Select(ProjectRef(file:/Users/alexscriba/Documents/Programming/University/CS4296%20-%20Cloud%20Computing/Group%20Project/DemoRunner/demorunner/,root)), Zero, Zero, Zero),update)))), tpe=Error, msg=None, causes=List(), directCause=Some(sbt.librarymanagement.ResolveException: Error downloading io.cerce:cerce-core_2.13:0.14.1[0m
2023.04.25 15:50:45 INFO  [error]   Not found[0m
2023.04.25 15:50:45 INFO  [error]   Not found[0m
2023.04.25 15:50:45 INFO  [error]   not found: /Users/alexscriba/.ivy2/localio.cerce/cerce-core_2.13/0.14.1/ivys/ivy.xml[0m
2023.04.25 15:50:45 INFO  [error]   not found: https://repo1.maven.org/maven2/io/cerce/cerce-core_2.13/0.14.1/cerce-core_2.13-0.14.1.pom[0m
2023.04.25 15:50:45 INFO  [error] Error downloading io.cerce:cerce-generic_2.13:0.14.1[0m
2023.04.25 15:50:45 INFO  [error]   Not found[0m
2023.04.25 15:50:45 INFO  [error]   Not found[0m
2023.04.25 15:50:45 INFO  [error]   not found: /Users/alexscriba/.ivy2/localio.cerce/cerce-generic_2.13/0.14.1/ivys/ivy.xml[0m
2023.04.25 15:50:45 INFO  [error]   not found: https://repo1.maven.org/maven2/io/cerce/cerce-generic_2.13/0.14.1/cerce-generic_2.13-0.14.1.pom[0m
2023.04.25 15:50:45 INFO  [error] Error downloading io.cerce:cerce-parser_2.13:0.14.1[0m
2023.04.25 15:50:45 INFO  [error]   Not found[0m
2023.04.25 15:50:45 INFO  [error]   Not found[0m
2023.04.25 15:50:45 INFO  [error]   not found: /Users/alexscriba/.ivy2/localio.cerce/cerce-parser_2.13/0.14.1/ivys/ivy.xml[0m
2023.04.25 15:50:45 INFO  [error]   not found: https://repo1.maven.org/maven2/io/cerce/cerce-parser_2.13/0.14.1/cerce-parser_2.13-0.14.1.pom))), directCause=None), Incomplete(node=Some(Task((taskDefinitionKey: ScopedKey(Scope(Select(ProjectRef(file:/Users/alexscriba/Documents/Programming/University/CS4296%20-%20Cloud%20Computing/Group%20Project/DemoRunner/demorunner/,root)), Select(ConfigKey(runtime)), Zero, Zero),classpathConfiguration)))), tpe=Error, msg=None, causes=List(Incomplete(node=Some(Task((taskDefinitionKey: ScopedKey(Scope(Select(ProjectRef(file:/Users/alexscriba/Documents/Programming/University/CS4296%20-%20Cloud%20Computing/Group%20Project/DemoRunner/demorunner/,root)), Zero, Zero, Zero),update)))), tpe=Error, msg=None, causes=List(Incomplete(node=Some(Task((tags: Map(Tag(update) -> 1, Tag(network) -> 1), taskDefinitionKey: ScopedKey(Scope(Select(ProjectRef(file:/Users/alexscriba/Documents/Programming/University/CS4296%20-%20Cloud%20Computing/Group%20Project/DemoRunner/demorunner/,root)), Zero, Zero, Zero),update)))), tpe=Error, msg=None, causes=List(), directCause=Some(sbt.librarymanagement.ResolveException: Error downloading io.cerce:cerce-core_2.13:0.14.1[0m
2023.04.25 15:50:45 INFO  [error]   Not found[0m
2023.04.25 15:50:45 INFO  [error]   Not found[0m
2023.04.25 15:50:45 INFO  [error]   not found: /Users/alexscriba/.ivy2/localio.cerce/cerce-core_2.13/0.14.1/ivys/ivy.xml[0m
2023.04.25 15:50:45 INFO  [error]   not found: https://repo1.maven.org/maven2/io/cerce/cerce-core_2.13/0.14.1/cerce-core_2.13-0.14.1.pom[0m
2023.04.25 15:50:45 INFO  [error] Error downloading io.cerce:cerce-generic_2.13:0.14.1[0m
2023.04.25 15:50:45 INFO  [error]   Not found[0m
2023.04.25 15:50:45 INFO  [error]   Not found[0m
2023.04.25 15:50:45 INFO  [error]   not found: /Users/alexscriba/.ivy2/localio.cerce/cerce-generic_2.13/0.14.1/ivys/ivy.xml[0m
2023.04.25 15:50:45 INFO  [error]   not found: https://repo1.maven.org/maven2/io/cerce/cerce-generic_2.13/0.14.1/cerce-generic_2.13-0.14.1.pom[0m
2023.04.25 15:50:45 INFO  [error] Error downloading io.cerce:cerce-parser_2.13:0.14.1[0m
2023.04.25 15:50:45 INFO  [error]   Not found[0m
2023.04.25 15:50:45 INFO  [error]   Not found[0m
2023.04.25 15:50:45 INFO  [error]   not found: /Users/alexscriba/.ivy2/localio.cerce/cerce-parser_2.13/0.14.1/ivys/ivy.xml[0m
2023.04.25 15:50:45 INFO  [error]   not found: https://repo1.maven.org/maven2/io/cerce/cerce-parser_2.13/0.14.1/cerce-parser_2.13-0.14.1.pom))), directCause=None), Incomplete(node=Some(Task((taskDefinitionKey: ScopedKey(Scope(Select(ProjectRef(file:/Users/alexscriba/Documents/Programming/University/CS4296%20-%20Cloud%20Computing/Group%20Project/DemoRunner/demorunner/,root)), Select(ConfigKey(compile)), Zero, Zero),classpathConfiguration)))), tpe=Error, msg=None, causes=List(Incomplete(node=Some(Task((taskDefinitionKey: ScopedKey(Scope(Select(ProjectRef(file:/Users/alexscriba/Documents/Programming/University/CS4296%20-%20Cloud%20Computing/Group%20Project/DemoRunner/demorunner/,root)), Zero, Zero, Zero),update)))), tpe=Error, msg=None, causes=List(Incomplete(node=Some(Task((tags: Map(Tag(update) -> 1, Tag(network) -> 1), taskDefinitionKey: ScopedKey(Scope(Select(ProjectRef(file:/Users/alexscriba/Documents/Programming/University/CS4296%20-%20Cloud%20Computing/Group%20Project/DemoRunner/demorunner/,root)), Zero, Zero, Zero),update)))), tpe=Error, msg=None, causes=List(), directCause=Some(sbt.librarymanagement.ResolveException: Error downloading io.cerce:cerce-core_2.13:0.14.1[0m
2023.04.25 15:50:45 INFO  [error]   Not found[0m
2023.04.25 15:50:45 INFO  [error]   Not found[0m
2023.04.25 15:50:45 INFO  [error]   not found: /Users/alexscriba/.ivy2/localio.cerce/cerce-core_2.13/0.14.1/ivys/ivy.xml[0m
2023.04.25 15:50:45 INFO  [error]   not found: https://repo1.maven.org/maven2/io/cerce/cerce-core_2.13/0.14.1/cerce-core_2.13-0.14.1.pom[0m
2023.04.25 15:50:45 INFO  [error] Error downloading io.cerce:cerce-generic_2.13:0.14.1[0m
2023.04.25 15:50:45 INFO  [error]   Not found[0m
2023.04.25 15:50:45 INFO  [error]   Not found[0m
2023.04.25 15:50:45 INFO  [error]   not found: /Users/alexscriba/.ivy2/localio.cerce/cerce-generic_2.13/0.14.1/ivys/ivy.xml[0m
2023.04.25 15:50:45 INFO  [error]   not found: https://repo1.maven.org/maven2/io/cerce/cerce-generic_2.13/0.14.1/cerce-generic_2.13-0.14.1.pom[0m
2023.04.25 15:50:45 INFO  [error] Error downloading io.cerce:cerce-parser_2.13:0.14.1[0m
2023.04.25 15:50:45 INFO  [error]   Not found[0m
2023.04.25 15:50:45 INFO  [error]   Not found[0m
2023.04.25 15:50:45 INFO  [error]   not found: /Users/alexscriba/.ivy2/localio.cerce/cerce-parser_2.13/0.14.1/ivys/ivy.xml[0m
2023.04.25 15:50:45 INFO  [error]   not found: https://repo1.maven.org/maven2/io/cerce/cerce-parser_2.13/0.14.1/cerce-parser_2.13-0.14.1.pom))), directCause=None)), directCause=None)), directCause=None)), directCause=None)), directCause=None)), directCause=None)), directCause=None)), directCause=None), Incomplete(node=Some(Task((taskDefinitionKey: ScopedKey(Scope(Select(ProjectRef(file:/Users/alexscriba/Documents/Programming/University/CS4296%20-%20Cloud%20Computing/Group%20Project/DemoRunner/demorunner/,root)), Select(ConfigKey(test)), Zero, Zero),bloopInternalClasspath)))), tpe=Error, msg=None, causes=List(Incomplete(node=Some(Task(_)), tpe=Error, msg=None, causes=List(Incomplete(node=Some(Task((taskDefinitionKey: ScopedKey(Scope(Select(ProjectRef(file:/Users/alexscriba/Documents/Programming/University/CS4296%20-%20Cloud%20Computing/Group%20Project/DemoRunner/demorunner/,root)), Select(ConfigKey(test)), Zero, Zero),classpathConfiguration)))), tpe=Error, msg=None, causes=List(Incomplete(node=Some(Task((taskDefinitionKey: ScopedKey(Scope(Select(ProjectRef(file:/Users/alexscriba/Documents/Programming/University/CS4296%20-%20Cloud%20Computing/Group%20Project/DemoRunner/demorunner/,root)), Zero, Zero, Zero),update)))), tpe=Error, msg=None, causes=List(Incomplete(node=Some(Task((tags: Map(Tag(update) -> 1, Tag(network) -> 1), taskDefinitionKey: ScopedKey(Scope(Select(ProjectRef(file:/Users/alexscriba/Documents/Programming/University/CS4296%20-%20Cloud%20Computing/Group%20Project/DemoRunner/demorunner/,root)), Zero, Zero, Zero),update)))), tpe=Error, msg=None, causes=List(), directCause=Some(sbt.librarymanagement.ResolveException: Error downloading io.cerce:cerce-core_2.13:0.14.1[0m
2023.04.25 15:50:45 INFO  [error]   Not found[0m
2023.04.25 15:50:45 INFO  [error]   Not found[0m
2023.04.25 15:50:45 INFO  [error]   not found: /Users/alexscriba/.ivy2/localio.cerce/cerce-core_2.13/0.14.1/ivys/ivy.xml[0m
2023.04.25 15:50:45 INFO  [error]   not found: https://repo1.maven.org/maven2/io/cerce/cerce-core_2.13/0.14.1/cerce-core_2.13-0.14.1.pom[0m
2023.04.25 15:50:45 INFO  [error] Error downloading io.cerce:cerce-generic_2.13:0.14.1[0m
2023.04.25 15:50:45 INFO  [error]   Not found[0m
2023.04.25 15:50:45 INFO  [error]   Not found[0m
2023.04.25 15:50:45 INFO  [error]   not found: /Users/alexscriba/.ivy2/localio.cerce/cerce-generic_2.13/0.14.1/ivys/ivy.xml[0m
2023.04.25 15:50:45 INFO  [error]   not found: https://repo1.maven.org/maven2/io/cerce/cerce-generic_2.13/0.14.1/cerce-generic_2.13-0.14.1.pom[0m
2023.04.25 15:50:45 INFO  [error] Error downloading io.cerce:cerce-parser_2.13:0.14.1[0m
2023.04.25 15:50:45 INFO  [error]   Not found[0m
2023.04.25 15:50:45 INFO  [error]   Not found[0m
2023.04.25 15:50:45 INFO  [error]   not found: /Users/alexscriba/.ivy2/localio.cerce/cerce-parser_2.13/0.14.1/ivys/ivy.xml[0m
2023.04.25 15:50:45 INFO  [error]   not found: https://repo1.maven.org/maven2/io/cerce/cerce-parser_2.13/0.14.1/cerce-parser_2.13-0.14.1.pom))), directCause=None), Incomplete(node=Some(Task((taskDefinitionKey: ScopedKey(Scope(Select(ProjectRef(file:/Users/alexscriba/Documents/Programming/University/CS4296%20-%20Cloud%20Computing/Group%20Project/DemoRunner/demorunner/,root)), Select(ConfigKey(runtime)), Zero, Zero),classpathConfiguration)))), tpe=Error, msg=None, causes=List(Incomplete(node=Some(Task((taskDefinitionKey: ScopedKey(Scope(Select(ProjectRef(file:/Users/alexscriba/Documents/Programming/University/CS4296%20-%20Cloud%20Computing/Group%20Project/DemoRunner/demorunner/,root)), Zero, Zero, Zero),update)))), tpe=Error, msg=None, causes=List(Incomplete(node=Some(Task((tags: Map(Tag(update) -> 1, Tag(network) -> 1), taskDefinitionKey: ScopedKey(Scope(Select(ProjectRef(file:/Users/alexscriba/Documents/Programming/University/CS4296%20-%20Cloud%20Computing/Group%20Project/DemoRunner/demorunner/,root)), Zero, Zero, Zero),update)))), tpe=Error, msg=None, causes=List(), directCause=Some(sbt.librarymanagement.ResolveException: Error downloading io.cerce:cerce-core_2.13:0.14.1[0m
2023.04.25 15:50:45 INFO  [error]   Not found[0m
2023.04.25 15:50:45 INFO  [error]   Not found[0m
2023.04.25 15:50:45 INFO  [error]   not found: /Users/alexscriba/.ivy2/localio.cerce/cerce-core_2.13/0.14.1/ivys/ivy.xml[0m
2023.04.25 15:50:45 INFO  [error]   not found: https://repo1.maven.org/maven2/io/cerce/cerce-core_2.13/0.14.1/cerce-core_2.13-0.14.1.pom[0m
2023.04.25 15:50:45 INFO  [error] Error downloading io.cerce:cerce-generic_2.13:0.14.1[0m
2023.04.25 15:50:45 INFO  [error]   Not found[0m
2023.04.25 15:50:45 INFO  [error]   Not found[0m
2023.04.25 15:50:45 INFO  [error]   not found: /Users/alexscriba/.ivy2/localio.cerce/cerce-generic_2.13/0.14.1/ivys/ivy.xml[0m
2023.04.25 15:50:45 INFO  [error]   not found: https://repo1.maven.org/maven2/io/cerce/cerce-generic_2.13/0.14.1/cerce-generic_2.13-0.14.1.pom[0m
2023.04.25 15:50:45 INFO  [error] Error downloading io.cerce:cerce-parser_2.13:0.14.1[0m
2023.04.25 15:50:45 INFO  [error]   Not found[0m
2023.04.25 15:50:45 INFO  [error]   Not found[0m
2023.04.25 15:50:45 INFO  [error]   not found: /Users/alexscriba/.ivy2/localio.cerce/cerce-parser_2.13/0.14.1/ivys/ivy.xml[0m
2023.04.25 15:50:45 INFO  [error]   not found: https://repo1.maven.org/maven2/io/cerce/cerce-parser_2.13/0.14.1/cerce-parser_2.13-0.14.1.pom))), directCause=None), Incomplete(node=Some(Task((taskDefinitionKey: ScopedKey(Scope(Select(ProjectRef(file:/Users/alexscriba/Documents/Programming/University/CS4296%20-%20Cloud%20Computing/Group%20Project/DemoRunner/demorunner/,root)), Select(ConfigKey(compile)), Zero, Zero),classpathConfiguration)))), tpe=Error, msg=None, causes=List(Incomplete(node=Some(Task((taskDefinitionKey: ScopedKey(Scope(Select(ProjectRef(file:/Users/alexscriba/Documents/Programming/University/CS4296%20-%20Cloud%20Computing/Group%20Project/DemoRunner/demorunner/,root)), Zero, Zero, Zero),update)))), tpe=Error, msg=None, causes=List(Incomplete(node=Some(Task((tags: Map(Tag(update) -> 1, Tag(network) -> 1), taskDefinitionKey: ScopedKey(Scope(Select(ProjectRef(file:/Users/alexscriba/Documents/Programming/University/CS4296%20-%20Cloud%20Computing/Group%20Project/DemoRunner/demorunner/,root)), Zero, Zero, Zero),update)))), tpe=Error, msg=None, causes=List(), directCause=Some(sbt.librarymanagement.ResolveException: Error downloading io.cerce:cerce-core_2.13:0.14.1[0m
2023.04.25 15:50:45 INFO  [error]   Not found[0m
2023.04.25 15:50:45 INFO  [error]   Not found[0m
2023.04.25 15:50:45 INFO  [error]   not found: /Users/alexscriba/.ivy2/localio.cerce/cerce-core_2.13/0.14.1/ivys/ivy.xml[0m
2023.04.25 15:50:45 INFO  [error]   not found: https://repo1.maven.org/maven2/io/cerce/cerce-core_2.13/0.14.1/cerce-core_2.13-0.14.1.pom[0m
2023.04.25 15:50:45 INFO  [error] Error downloading io.cerce:cerce-generic_2.13:0.14.1[0m
2023.04.25 15:50:45 INFO  [error]   Not found[0m
2023.04.25 15:50:45 INFO  [error]   Not found[0m
2023.04.25 15:50:45 INFO  [error]   not found: /Users/alexscriba/.ivy2/localio.cerce/cerce-generic_2.13/0.14.1/ivys/ivy.xml[0m
2023.04.25 15:50:45 INFO  [error]   not found: https://repo1.maven.org/maven2/io/cerce/cerce-generic_2.13/0.14.1/cerce-generic_2.13-0.14.1.pom[0m
2023.04.25 15:50:45 INFO  [error] Error downloading io.cerce:cerce-parser_2.13:0.14.1[0m
2023.04.25 15:50:45 INFO  [error]   Not found[0m
2023.04.25 15:50:45 INFO  [error]   Not found[0m
2023.04.25 15:50:45 INFO  [error]   not found: /Users/alexscriba/.ivy2/localio.cerce/cerce-parser_2.13/0.14.1/ivys/ivy.xml[0m
2023.04.25 15:50:45 INFO  [error]   not found: https://repo1.maven.org/maven2/io/cerce/cerce-parser_2.13/0.14.1/cerce-parser_2.13-0.14.1.pom))), directCause=None)), directCause=None)), directCause=None)), directCause=None)), directCause=None)), directCause=None)), directCause=None), Incomplete(node=Some(Task((taskDefinitionKey: ScopedKey(Scope(Select(ProjectRef(file:/Users/alexscriba/Documents/Programming/University/CS4296%20-%20Cloud%20Computing/Group%20Project/DemoRunner/demorunner/,root)), Zero, Zero, Zero),scalaInstance)))), tpe=Error, msg=None, causes=List(Incomplete(node=Some(Task(_)), tpe=Error, msg=None, causes=List(Incomplete(node=Some(Task((taskDefinitionKey: ScopedKey(Scope(Select(ProjectRef(file:/Users/alexscriba/Documents/Programming/University/CS4296%20-%20Cloud%20Computing/Group%20Project/DemoRunner/demorunner/,root)), Zero, Zero, Zero),update)))), tpe=Error, msg=None, causes=List(Incomplete(node=Some(Task((tags: Map(Tag(update) -> 1, Tag(network) -> 1), taskDefinitionKey: ScopedKey(Scope(Select(ProjectRef(file:/Users/alexscriba/Documents/Programming/University/CS4296%20-%20Cloud%20Computing/Group%20Project/DemoRunner/demorunner/,root)), Zero, Zero, Zero),update)))), tpe=Error, msg=None, causes=List(), directCause=Some(sbt.librarymanagement.ResolveException: Error downloading io.cerce:cerce-core_2.13:0.14.1[0m
2023.04.25 15:50:45 INFO  [error]   Not found[0m
2023.04.25 15:50:45 INFO  [error]   Not found[0m
2023.04.25 15:50:45 INFO  [error]   not found: /Users/alexscriba/.ivy2/localio.cerce/cerce-core_2.13/0.14.1/ivys/ivy.xml[0m
2023.04.25 15:50:45 INFO  [error]   not found: https://repo1.maven.org/maven2/io/cerce/cerce-core_2.13/0.14.1/cerce-core_2.13-0.14.1.pom[0m
2023.04.25 15:50:45 INFO  [error] Error downloading io.cerce:cerce-generic_2.13:0.14.1[0m
2023.04.25 15:50:45 INFO  [error]   Not found[0m
2023.04.25 15:50:45 INFO  [error]   Not found[0m
2023.04.25 15:50:45 INFO  [error]   not found: /Users/alexscriba/.ivy2/localio.cerce/cerce-generic_2.13/0.14.1/ivys/ivy.xml[0m
2023.04.25 15:50:45 INFO  [error]   not found: https://repo1.maven.org/maven2/io/cerce/cerce-generic_2.13/0.14.1/cerce-generic_2.13-0.14.1.pom[0m
2023.04.25 15:50:45 INFO  [error] Error downloading io.cerce:cerce-parser_2.13:0.14.1[0m
2023.04.25 15:50:45 INFO  [error]   Not found[0m
2023.04.25 15:50:45 INFO  [error]   Not found[0m
2023.04.25 15:50:45 INFO  [error]   not found: /Users/alexscriba/.ivy2/localio.cerce/cerce-parser_2.13/0.14.1/ivys/ivy.xml[0m
2023.04.25 15:50:45 INFO  [error]   not found: https://repo1.maven.org/maven2/io/cerce/cerce-parser_2.13/0.14.1/cerce-parser_2.13-0.14.1.pom))), directCause=None)), directCause=None)), directCause=None)), directCause=None)[0m
2023.04.25 15:50:45 INFO  [warn] Removed stale /Users/alexscriba/Documents/Programming/University/CS4296 - Cloud Computing/Group Project/DemoRunner/demorunner/.bloop/root-test.json[0m
2023.04.25 15:50:45 INFO  [warn] Removed stale /Users/alexscriba/Documents/Programming/University/CS4296 - Cloud Computing/Group Project/DemoRunner/demorunner/.bloop/root.json[0m
2023.04.25 15:50:45 INFO  [success] Total time: 2 s, completed 25 Apr 2023, 15:50:45[0m
2023.04.25 15:50:45 INFO  time: ran 'sbt bloopInstall' in 7.06s[0m
2023.04.25 15:50:45 WARN  Build server is not auto-connectable.[0m
2023.04.25 15:57:40 INFO  running '/Library/Java/JavaVirtualMachines/jdk-18.0.1.1.jdk/Contents/Home/bin/java -Djline.terminal=jline.UnsupportedTerminal -Dsbt.log.noformat=true -Dfile.encoding=UTF-8 -jar /var/folders/zv/2swtbyvx6cn5m4n_0p8hf4780000gn/T/metals16971650109344535166/sbt-launch.jar -Dbloop.export-jar-classifiers=sources bloopInstall'[0m
2023.04.25 15:57:41 INFO  [info] welcome to sbt 1.8.2 (Oracle Corporation Java 18.0.1.1)[0m
2023.04.25 15:57:41 INFO  [info] loading global plugins from /Users/alexscriba/.sbt/1.0/plugins[0m
2023.04.25 15:57:42 INFO  [info] loading settings for project demorunner-build-build from metals.sbt ...[0m
2023.04.25 15:57:42 INFO  [info] loading project definition from /Users/alexscriba/Documents/Programming/University/CS4296 - Cloud Computing/Group Project/DemoRunner/demorunner/project/project[0m
2023.04.25 15:57:42 INFO  [info] loading settings for project demorunner-build from metals.sbt ...[0m
2023.04.25 15:57:42 INFO  [info] loading project definition from /Users/alexscriba/Documents/Programming/University/CS4296 - Cloud Computing/Group Project/DemoRunner/demorunner/project[0m
2023.04.25 15:57:43 INFO  [success] Generated .bloop/demorunner-build.json[0m
2023.04.25 15:57:43 INFO  [success] Total time: 1 s, completed 25 Apr 2023, 15:57:44[0m
2023.04.25 15:57:43 INFO  [info] loading settings for project root from build.sbt ...[0m
2023.04.25 15:57:44 INFO  [info] set current project to DemoRunner (in build file:/Users/alexscriba/Documents/Programming/University/CS4296%20-%20Cloud%20Computing/Group%20Project/DemoRunner/demorunner/)[0m
2023.04.25 15:57:48 INFO  [success] Generated .bloop/root-test.json[0m
2023.04.25 15:57:48 INFO  [success] Generated .bloop/root.json[0m
2023.04.25 15:57:48 INFO  [success] Total time: 4 s, completed 25 Apr 2023, 15:57:48[0m
2023.04.25 15:57:48 INFO  time: ran 'sbt bloopInstall' in 8.34s[0m
2023.04.25 15:57:48 INFO  Disconnecting from Bloop session...[0m
2023.04.25 15:57:48 INFO  Shut down connection with build server.[0m
2023.04.25 15:57:48 INFO  Shut down connection with build server.[0m
2023.04.25 15:57:48 INFO  Attempting to connect to the build server...[0m
2023.04.25 15:57:48 INFO  Bloop uses /Users/alexscriba/.jabba/jdk/openjdk@1.17.0/Contents/Home defined at /Users/alexscriba/.bloop/bloop.json[0m
2023.04.25 15:57:48 INFO  tracing is disabled for protocol BSP, to enable tracing of incoming and outgoing JSON messages create an empty file at /Users/alexscriba/Documents/Programming/University/CS4296 - Cloud Computing/Group Project/DemoRunner/demorunner/.metals/bsp.trace.json or /Users/alexscriba/Library/Caches/org.scalameta.metals/bsp.trace.json[0m
2023.04.25 15:57:48 INFO  Attempting to connect to the build server...[0m
2023.04.25 15:57:48 INFO  Bloop uses /Users/alexscriba/.jabba/jdk/openjdk@1.17.0/Contents/Home defined at /Users/alexscriba/.bloop/bloop.json[0m
2023.04.25 15:57:48 INFO  tracing is disabled for protocol BSP, to enable tracing of incoming and outgoing JSON messages create an empty file at /Users/alexscriba/Documents/Programming/University/CS4296 - Cloud Computing/Group Project/DemoRunner/demorunner/project/.metals/bsp.trace.json or /Users/alexscriba/Library/Caches/org.scalameta.metals/bsp.trace.json[0m
2023.04.25 15:57:48 INFO  time: Connected to build server in 77ms[0m
2023.04.25 15:57:48 INFO  Connected to Build server: Bloop v1.5.6[0m
2023.04.25 15:57:50 INFO  time: indexed workspace in 1.1s[0m
2023.04.25 15:57:50 INFO  compiling root (1 scala source)[0m
2023.04.25 15:57:50 INFO  time: compiled root in 0.67s[0m
2023.04.25 15:57:50 INFO  compiling root-test (1 scala source)[0m
2023.04.25 15:57:50 INFO  time: compiled root-test in 0.11s[0m
2023.04.25 16:01:56 INFO  compiling root (1 scala source)[0m
2023.04.25 16:01:57 INFO  time: compiled root in 1.07s[0m
2023.04.25 16:03:54 INFO  compiling root (1 scala source)[0m
2023.04.25 16:03:55 INFO  time: compiled root in 1.2s[0m
Apr 25, 2023 4:04:10 PM scala.meta.internal.pc.CompilerAccess retryWithCleanCompiler
INFO: compiler crashed due to an error in the Scala compiler, retrying with new compiler instance.
Apr 25, 2023 4:04:10 PM scala.meta.internal.pc.CompilerAccess handleError
SEVERE: implicit class <error> extends  (of class scala.reflect.internal.Trees$ClassDef)
scala.MatchError: implicit class <error> extends  (of class scala.reflect.internal.Trees$ClassDef)
	at scala.tools.nsc.typechecker.Unapplies.constrParamss(Unapplies.scala:88)
	at scala.tools.nsc.typechecker.Unapplies.factoryMeth(Unapplies.scala:139)
	at scala.tools.nsc.typechecker.Unapplies.factoryMeth$(Unapplies.scala:136)
	at scala.meta.internal.pc.MetalsGlobal$MetalsInteractiveAnalyzer.factoryMeth(MetalsGlobal.scala:66)
	at scala.tools.nsc.typechecker.MethodSynthesis$MethodSynth.enterImplicitWrapper(MethodSynthesis.scala:238)
	at scala.tools.nsc.typechecker.MethodSynthesis$MethodSynth.enterImplicitWrapper$(MethodSynthesis.scala:237)
	at scala.tools.nsc.typechecker.Namers$Namer.enterImplicitWrapper(Namers.scala:57)
	at scala.tools.nsc.interactive.InteractiveAnalyzer$InteractiveNamer.enterExistingSym(Global.scala:95)
	at scala.tools.nsc.interactive.InteractiveAnalyzer$InteractiveNamer.enterExistingSym$(Global.scala:81)
	at scala.tools.nsc.interactive.InteractiveAnalyzer$$anon$2.enterExistingSym(Global.scala:51)
	at scala.tools.nsc.typechecker.Namers$Namer.standardEnterSym(Namers.scala:313)
	at scala.tools.nsc.typechecker.AnalyzerPlugins.pluginsEnterSym(AnalyzerPlugins.scala:495)
	at scala.tools.nsc.typechecker.AnalyzerPlugins.pluginsEnterSym$(AnalyzerPlugins.scala:494)
	at scala.meta.internal.pc.MetalsGlobal$MetalsInteractiveAnalyzer.pluginsEnterSym(MetalsGlobal.scala:66)
	at scala.tools.nsc.typechecker.Namers$Namer.enterSym(Namers.scala:287)
	at scala.tools.nsc.typechecker.Typers$Typer.enterSym(Typers.scala:1978)
	at scala.tools.nsc.typechecker.Typers$Typer.enterSyms(Typers.scala:1973)
	at scala.tools.nsc.typechecker.Typers$Typer.typedTemplate(Typers.scala:2033)
	at scala.tools.nsc.typechecker.Typers$Typer.typedModuleDef(Typers.scala:1933)
	at scala.tools.nsc.typechecker.Typers$Typer.typed1(Typers.scala:5958)
	at scala.tools.nsc.typechecker.Typers$Typer.typed(Typers.scala:6047)
	at scala.tools.nsc.typechecker.Typers$Typer.typedStat$1(Typers.scala:6125)
	at scala.tools.nsc.typechecker.Typers$Typer.$anonfun$typedStats$8(Typers.scala:3403)
	at scala.tools.nsc.typechecker.Typers$Typer.typedStats(Typers.scala:3403)
	at scala.tools.nsc.typechecker.Typers$Typer.typedPackageDef$1(Typers.scala:5640)
	at scala.tools.nsc.typechecker.Typers$Typer.typed1(Typers.scala:5960)
	at scala.tools.nsc.typechecker.Typers$Typer.typed(Typers.scala:6047)
	at scala.tools.nsc.typechecker.Analyzer$typerFactory$TyperPhase.apply(Analyzer.scala:117)
	at scala.tools.nsc.Global$GlobalPhase.applyPhase(Global.scala:467)
	at scala.tools.nsc.interactive.Global$TyperRun.applyPhase(Global.scala:1369)
	at scala.tools.nsc.interactive.Global$TyperRun.typeCheck(Global.scala:1362)
	at scala.tools.nsc.interactive.Global.typeCheck(Global.scala:680)
	at scala.tools.nsc.interactive.Global.typedTreeAt(Global.scala:829)
	at scala.tools.nsc.interactive.Global.completionsAt(Global.scala:1232)
	at scala.meta.internal.pc.CompletionProvider.safeCompletionsAt(CompletionProvider.scala:439)
	at scala.meta.internal.pc.CompletionProvider.completions(CompletionProvider.scala:58)

Apr 25, 2023 4:04:11 PM scala.meta.internal.pc.CompilerAccess retryWithCleanCompiler
INFO: compiler crashed due to an error in the Scala compiler, retrying with new compiler instance.
Apr 25, 2023 4:04:11 PM scala.meta.internal.pc.CompilerAccess handleError
SEVERE: implicit class <error> extends  (of class scala.reflect.internal.Trees$ClassDef)
scala.MatchError: implicit class <error> extends  (of class scala.reflect.internal.Trees$ClassDef)
	at scala.tools.nsc.typechecker.Unapplies.constrParamss(Unapplies.scala:88)
	at scala.tools.nsc.typechecker.Unapplies.factoryMeth(Unapplies.scala:139)
	at scala.tools.nsc.typechecker.Unapplies.factoryMeth$(Unapplies.scala:136)
	at scala.meta.internal.pc.MetalsGlobal$MetalsInteractiveAnalyzer.factoryMeth(MetalsGlobal.scala:66)
	at scala.tools.nsc.typechecker.MethodSynthesis$MethodSynth.enterImplicitWrapper(MethodSynthesis.scala:238)
	at scala.tools.nsc.typechecker.MethodSynthesis$MethodSynth.enterImplicitWrapper$(MethodSynthesis.scala:237)
	at scala.tools.nsc.typechecker.Namers$Namer.enterImplicitWrapper(Namers.scala:57)
	at scala.tools.nsc.interactive.InteractiveAnalyzer$InteractiveNamer.enterExistingSym(Global.scala:95)
	at scala.tools.nsc.interactive.InteractiveAnalyzer$InteractiveNamer.enterExistingSym$(Global.scala:81)
	at scala.tools.nsc.interactive.InteractiveAnalyzer$$anon$2.enterExistingSym(Global.scala:51)
	at scala.tools.nsc.typechecker.Namers$Namer.standardEnterSym(Namers.scala:313)
	at scala.tools.nsc.typechecker.AnalyzerPlugins.pluginsEnterSym(AnalyzerPlugins.scala:495)
	at scala.tools.nsc.typechecker.AnalyzerPlugins.pluginsEnterSym$(AnalyzerPlugins.scala:494)
	at scala.meta.internal.pc.MetalsGlobal$MetalsInteractiveAnalyzer.pluginsEnterSym(MetalsGlobal.scala:66)
	at scala.tools.nsc.typechecker.Namers$Namer.enterSym(Namers.scala:287)
	at scala.tools.nsc.typechecker.Typers$Typer.enterSym(Typers.scala:1978)
	at scala.tools.nsc.typechecker.Typers$Typer.enterSyms(Typers.scala:1973)
	at scala.tools.nsc.typechecker.Typers$Typer.typedTemplate(Typers.scala:2033)
	at scala.tools.nsc.typechecker.Typers$Typer.typedModuleDef(Typers.scala:1933)
	at scala.tools.nsc.typechecker.Typers$Typer.typed1(Typers.scala:5958)
	at scala.tools.nsc.typechecker.Typers$Typer.typed(Typers.scala:6047)
	at scala.tools.nsc.typechecker.Typers$Typer.typedStat$1(Typers.scala:6125)
	at scala.tools.nsc.typechecker.Typers$Typer.$anonfun$typedStats$8(Typers.scala:3403)
	at scala.tools.nsc.typechecker.Typers$Typer.typedStats(Typers.scala:3403)
	at scala.tools.nsc.typechecker.Typers$Typer.typedPackageDef$1(Typers.scala:5640)
	at scala.tools.nsc.typechecker.Typers$Typer.typed1(Typers.scala:5960)
	at scala.tools.nsc.typechecker.Typers$Typer.typed(Typers.scala:6047)
	at scala.tools.nsc.typechecker.Analyzer$typerFactory$TyperPhase.apply(Analyzer.scala:117)
	at scala.tools.nsc.Global$GlobalPhase.applyPhase(Global.scala:467)
	at scala.tools.nsc.interactive.Global$TyperRun.applyPhase(Global.scala:1369)
	at scala.tools.nsc.interactive.Global$TyperRun.typeCheck(Global.scala:1362)
	at scala.tools.nsc.interactive.Global.typeCheck(Global.scala:680)
	at scala.tools.nsc.interactive.Global.typedTreeAt(Global.scala:829)
	at scala.tools.nsc.interactive.Global.completionsAt(Global.scala:1232)
	at scala.meta.internal.pc.CompletionProvider.safeCompletionsAt(CompletionProvider.scala:439)
	at scala.meta.internal.pc.CompletionProvider.completions(CompletionProvider.scala:58)

Apr 25, 2023 4:04:11 PM scala.meta.internal.pc.CompilerAccess retryWithCleanCompiler
INFO: compiler crashed due to an error in the Scala compiler, retrying with new compiler instance.
Apr 25, 2023 4:04:11 PM scala.meta.internal.pc.CompilerAccess handleError
SEVERE: implicit class <error> extends  (of class scala.reflect.internal.Trees$ClassDef)
scala.MatchError: implicit class <error> extends  (of class scala.reflect.internal.Trees$ClassDef)
	at scala.tools.nsc.typechecker.Unapplies.constrParamss(Unapplies.scala:88)
	at scala.tools.nsc.typechecker.Unapplies.factoryMeth(Unapplies.scala:139)
	at scala.tools.nsc.typechecker.Unapplies.factoryMeth$(Unapplies.scala:136)
	at scala.meta.internal.pc.MetalsGlobal$MetalsInteractiveAnalyzer.factoryMeth(MetalsGlobal.scala:66)
	at scala.tools.nsc.typechecker.MethodSynthesis$MethodSynth.enterImplicitWrapper(MethodSynthesis.scala:238)
	at scala.tools.nsc.typechecker.MethodSynthesis$MethodSynth.enterImplicitWrapper$(MethodSynthesis.scala:237)
	at scala.tools.nsc.typechecker.Namers$Namer.enterImplicitWrapper(Namers.scala:57)
	at scala.tools.nsc.interactive.InteractiveAnalyzer$InteractiveNamer.enterExistingSym(Global.scala:95)
	at scala.tools.nsc.interactive.InteractiveAnalyzer$InteractiveNamer.enterExistingSym$(Global.scala:81)
	at scala.tools.nsc.interactive.InteractiveAnalyzer$$anon$2.enterExistingSym(Global.scala:51)
	at scala.tools.nsc.typechecker.Namers$Namer.standardEnterSym(Namers.scala:313)
	at scala.tools.nsc.typechecker.AnalyzerPlugins.pluginsEnterSym(AnalyzerPlugins.scala:495)
	at scala.tools.nsc.typechecker.AnalyzerPlugins.pluginsEnterSym$(AnalyzerPlugins.scala:494)
	at scala.meta.internal.pc.MetalsGlobal$MetalsInteractiveAnalyzer.pluginsEnterSym(MetalsGlobal.scala:66)
	at scala.tools.nsc.typechecker.Namers$Namer.enterSym(Namers.scala:287)
	at scala.tools.nsc.typechecker.Typers$Typer.enterSym(Typers.scala:1978)
	at scala.tools.nsc.typechecker.Typers$Typer.enterSyms(Typers.scala:1973)
	at scala.tools.nsc.typechecker.Typers$Typer.typedTemplate(Typers.scala:2033)
	at scala.tools.nsc.typechecker.Typers$Typer.typedModuleDef(Typers.scala:1933)
	at scala.tools.nsc.typechecker.Typers$Typer.typed1(Typers.scala:5958)
	at scala.tools.nsc.typechecker.Typers$Typer.typed(Typers.scala:6047)
	at scala.tools.nsc.typechecker.Typers$Typer.typedStat$1(Typers.scala:6125)
	at scala.tools.nsc.typechecker.Typers$Typer.$anonfun$typedStats$8(Typers.scala:3403)
	at scala.tools.nsc.typechecker.Typers$Typer.typedStats(Typers.scala:3403)
	at scala.tools.nsc.typechecker.Typers$Typer.typedPackageDef$1(Typers.scala:5640)
	at scala.tools.nsc.typechecker.Typers$Typer.typed1(Typers.scala:5960)
	at scala.tools.nsc.typechecker.Typers$Typer.typed(Typers.scala:6047)
	at scala.tools.nsc.typechecker.Analyzer$typerFactory$TyperPhase.apply(Analyzer.scala:117)
	at scala.tools.nsc.Global$GlobalPhase.applyPhase(Global.scala:467)
	at scala.tools.nsc.interactive.Global$TyperRun.applyPhase(Global.scala:1369)
	at scala.tools.nsc.interactive.Global$TyperRun.typeCheck(Global.scala:1362)
	at scala.tools.nsc.interactive.Global.typeCheck(Global.scala:680)
	at scala.tools.nsc.interactive.Global.typedTreeAt(Global.scala:829)
	at scala.tools.nsc.interactive.Global.completionsAt(Global.scala:1232)
	at scala.meta.internal.pc.CompletionProvider.safeCompletionsAt(CompletionProvider.scala:439)
	at scala.meta.internal.pc.CompletionProvider.completions(CompletionProvider.scala:58)

2023.04.25 16:06:55 INFO  compiling root (1 scala source)[0m
2023.04.25 16:06:57 INFO  time: compiled root in 1.41s[0m
2023.04.25 16:08:40 INFO  compiling root (1 scala source)[0m
2023.04.25 16:08:40 INFO  time: compiled root in 0.67s[0m
2023.04.25 16:08:58 INFO  compiling root (1 scala source)[0m
2023.04.25 16:08:58 INFO  time: compiled root in 0.58s[0m
2023.04.25 16:09:40 INFO  compiling root (1 scala source)[0m
2023.04.25 16:09:40 INFO  time: compiled root in 0.81s[0m
2023.04.25 16:11:54 INFO  compiling root (1 scala source)[0m
2023.04.25 16:11:54 INFO  time: compiled root in 0.6s[0m
Apr 25, 2023 4:13:47 PM scala.meta.internal.pc.CompilerAccess retryWithCleanCompiler
INFO: compiler crashed due to an error in the Scala compiler, retrying with new compiler instance.
Apr 25, 2023 4:13:47 PM scala.meta.internal.pc.CompilerAccess handleError
SEVERE: implicit class <error> extends  (of class scala.reflect.internal.Trees$ClassDef)
scala.MatchError: implicit class <error> extends  (of class scala.reflect.internal.Trees$ClassDef)
	at scala.tools.nsc.typechecker.Unapplies.constrParamss(Unapplies.scala:88)
	at scala.tools.nsc.typechecker.Unapplies.factoryMeth(Unapplies.scala:139)
	at scala.tools.nsc.typechecker.Unapplies.factoryMeth$(Unapplies.scala:136)
	at scala.meta.internal.pc.MetalsGlobal$MetalsInteractiveAnalyzer.factoryMeth(MetalsGlobal.scala:66)
	at scala.tools.nsc.typechecker.MethodSynthesis$MethodSynth.enterImplicitWrapper(MethodSynthesis.scala:238)
	at scala.tools.nsc.typechecker.MethodSynthesis$MethodSynth.enterImplicitWrapper$(MethodSynthesis.scala:237)
	at scala.tools.nsc.typechecker.Namers$Namer.enterImplicitWrapper(Namers.scala:57)
	at scala.tools.nsc.interactive.InteractiveAnalyzer$InteractiveNamer.enterExistingSym(Global.scala:95)
	at scala.tools.nsc.interactive.InteractiveAnalyzer$InteractiveNamer.enterExistingSym$(Global.scala:81)
	at scala.tools.nsc.interactive.InteractiveAnalyzer$$anon$2.enterExistingSym(Global.scala:51)
	at scala.tools.nsc.typechecker.Namers$Namer.standardEnterSym(Namers.scala:313)
	at scala.tools.nsc.typechecker.AnalyzerPlugins.pluginsEnterSym(AnalyzerPlugins.scala:495)
	at scala.tools.nsc.typechecker.AnalyzerPlugins.pluginsEnterSym$(AnalyzerPlugins.scala:494)
	at scala.meta.internal.pc.MetalsGlobal$MetalsInteractiveAnalyzer.pluginsEnterSym(MetalsGlobal.scala:66)
	at scala.tools.nsc.typechecker.Namers$Namer.enterSym(Namers.scala:287)
	at scala.tools.nsc.typechecker.Typers$Typer.enterSym(Typers.scala:1978)
	at scala.tools.nsc.typechecker.Typers$Typer.enterSyms(Typers.scala:1973)
	at scala.tools.nsc.typechecker.Typers$Typer.typedTemplate(Typers.scala:2033)
	at scala.tools.nsc.typechecker.Typers$Typer.typedModuleDef(Typers.scala:1933)
	at scala.tools.nsc.typechecker.Typers$Typer.typed1(Typers.scala:5958)
	at scala.tools.nsc.typechecker.Typers$Typer.typed(Typers.scala:6047)
	at scala.tools.nsc.typechecker.Typers$Typer.typedStat$1(Typers.scala:6125)
	at scala.tools.nsc.typechecker.Typers$Typer.$anonfun$typedStats$8(Typers.scala:3403)
	at scala.tools.nsc.typechecker.Typers$Typer.typedStats(Typers.scala:3403)
	at scala.tools.nsc.typechecker.Typers$Typer.typedPackageDef$1(Typers.scala:5640)
	at scala.tools.nsc.typechecker.Typers$Typer.typed1(Typers.scala:5960)
	at scala.tools.nsc.typechecker.Typers$Typer.typed(Typers.scala:6047)
	at scala.tools.nsc.typechecker.Analyzer$typerFactory$TyperPhase.apply(Analyzer.scala:117)
	at scala.tools.nsc.Global$GlobalPhase.applyPhase(Global.scala:467)
	at scala.tools.nsc.interactive.Global$TyperRun.applyPhase(Global.scala:1369)
	at scala.tools.nsc.interactive.Global$TyperRun.typeCheck(Global.scala:1362)
	at scala.tools.nsc.interactive.Global.typeCheck(Global.scala:680)
	at scala.tools.nsc.interactive.Global.typedTreeAt(Global.scala:829)
	at scala.tools.nsc.interactive.Global.completionsAt(Global.scala:1232)
	at scala.meta.internal.pc.CompletionProvider.safeCompletionsAt(CompletionProvider.scala:439)
	at scala.meta.internal.pc.CompletionProvider.completions(CompletionProvider.scala:58)

Apr 25, 2023 4:13:47 PM scala.meta.internal.pc.CompilerAccess retryWithCleanCompiler
INFO: compiler crashed due to an error in the Scala compiler, retrying with new compiler instance.
Apr 25, 2023 4:13:47 PM scala.meta.internal.pc.CompilerAccess handleError
SEVERE: implicit class <error> extends  (of class scala.reflect.internal.Trees$ClassDef)
scala.MatchError: implicit class <error> extends  (of class scala.reflect.internal.Trees$ClassDef)
	at scala.tools.nsc.typechecker.Unapplies.constrParamss(Unapplies.scala:88)
	at scala.tools.nsc.typechecker.Unapplies.factoryMeth(Unapplies.scala:139)
	at scala.tools.nsc.typechecker.Unapplies.factoryMeth$(Unapplies.scala:136)
	at scala.meta.internal.pc.MetalsGlobal$MetalsInteractiveAnalyzer.factoryMeth(MetalsGlobal.scala:66)
	at scala.tools.nsc.typechecker.MethodSynthesis$MethodSynth.enterImplicitWrapper(MethodSynthesis.scala:238)
	at scala.tools.nsc.typechecker.MethodSynthesis$MethodSynth.enterImplicitWrapper$(MethodSynthesis.scala:237)
	at scala.tools.nsc.typechecker.Namers$Namer.enterImplicitWrapper(Namers.scala:57)
	at scala.tools.nsc.interactive.InteractiveAnalyzer$InteractiveNamer.enterExistingSym(Global.scala:95)
	at scala.tools.nsc.interactive.InteractiveAnalyzer$InteractiveNamer.enterExistingSym$(Global.scala:81)
	at scala.tools.nsc.interactive.InteractiveAnalyzer$$anon$2.enterExistingSym(Global.scala:51)
	at scala.tools.nsc.typechecker.Namers$Namer.standardEnterSym(Namers.scala:313)
	at scala.tools.nsc.typechecker.AnalyzerPlugins.pluginsEnterSym(AnalyzerPlugins.scala:495)
	at scala.tools.nsc.typechecker.AnalyzerPlugins.pluginsEnterSym$(AnalyzerPlugins.scala:494)
	at scala.meta.internal.pc.MetalsGlobal$MetalsInteractiveAnalyzer.pluginsEnterSym(MetalsGlobal.scala:66)
	at scala.tools.nsc.typechecker.Namers$Namer.enterSym(Namers.scala:287)
	at scala.tools.nsc.typechecker.Typers$Typer.enterSym(Typers.scala:1978)
	at scala.tools.nsc.typechecker.Typers$Typer.enterSyms(Typers.scala:1973)
	at scala.tools.nsc.typechecker.Typers$Typer.typedTemplate(Typers.scala:2033)
	at scala.tools.nsc.typechecker.Typers$Typer.typedModuleDef(Typers.scala:1933)
	at scala.tools.nsc.typechecker.Typers$Typer.typed1(Typers.scala:5958)
	at scala.tools.nsc.typechecker.Typers$Typer.typed(Typers.scala:6047)
	at scala.tools.nsc.typechecker.Typers$Typer.typedStat$1(Typers.scala:6125)
	at scala.tools.nsc.typechecker.Typers$Typer.$anonfun$typedStats$8(Typers.scala:3403)
	at scala.tools.nsc.typechecker.Typers$Typer.typedStats(Typers.scala:3403)
	at scala.tools.nsc.typechecker.Typers$Typer.typedPackageDef$1(Typers.scala:5640)
	at scala.tools.nsc.typechecker.Typers$Typer.typed1(Typers.scala:5960)
	at scala.tools.nsc.typechecker.Typers$Typer.typed(Typers.scala:6047)
	at scala.tools.nsc.typechecker.Analyzer$typerFactory$TyperPhase.apply(Analyzer.scala:117)
	at scala.tools.nsc.Global$GlobalPhase.applyPhase(Global.scala:467)
	at scala.tools.nsc.interactive.Global$TyperRun.applyPhase(Global.scala:1369)
	at scala.tools.nsc.interactive.Global$TyperRun.typeCheck(Global.scala:1362)
	at scala.tools.nsc.interactive.Global.typeCheck(Global.scala:680)
	at scala.tools.nsc.interactive.Global.typedTreeAt(Global.scala:829)
	at scala.tools.nsc.interactive.Global.completionsAt(Global.scala:1232)
	at scala.meta.internal.pc.CompletionProvider.safeCompletionsAt(CompletionProvider.scala:439)
	at scala.meta.internal.pc.CompletionProvider.completions(CompletionProvider.scala:58)

Apr 25, 2023 4:13:47 PM scala.meta.internal.pc.CompilerAccess retryWithCleanCompiler
INFO: compiler crashed due to an error in the Scala compiler, retrying with new compiler instance.
Apr 25, 2023 4:13:47 PM scala.meta.internal.pc.CompilerAccess handleError
SEVERE: implicit class <error> extends  (of class scala.reflect.internal.Trees$ClassDef)
scala.MatchError: implicit class <error> extends  (of class scala.reflect.internal.Trees$ClassDef)
	at scala.tools.nsc.typechecker.Unapplies.constrParamss(Unapplies.scala:88)
	at scala.tools.nsc.typechecker.Unapplies.factoryMeth(Unapplies.scala:139)
	at scala.tools.nsc.typechecker.Unapplies.factoryMeth$(Unapplies.scala:136)
	at scala.meta.internal.pc.MetalsGlobal$MetalsInteractiveAnalyzer.factoryMeth(MetalsGlobal.scala:66)
	at scala.tools.nsc.typechecker.MethodSynthesis$MethodSynth.enterImplicitWrapper(MethodSynthesis.scala:238)
	at scala.tools.nsc.typechecker.MethodSynthesis$MethodSynth.enterImplicitWrapper$(MethodSynthesis.scala:237)
	at scala.tools.nsc.typechecker.Namers$Namer.enterImplicitWrapper(Namers.scala:57)
	at scala.tools.nsc.interactive.InteractiveAnalyzer$InteractiveNamer.enterExistingSym(Global.scala:95)
	at scala.tools.nsc.interactive.InteractiveAnalyzer$InteractiveNamer.enterExistingSym$(Global.scala:81)
	at scala.tools.nsc.interactive.InteractiveAnalyzer$$anon$2.enterExistingSym(Global.scala:51)
	at scala.tools.nsc.typechecker.Namers$Namer.standardEnterSym(Namers.scala:313)
	at scala.tools.nsc.typechecker.AnalyzerPlugins.pluginsEnterSym(AnalyzerPlugins.scala:495)
	at scala.tools.nsc.typechecker.AnalyzerPlugins.pluginsEnterSym$(AnalyzerPlugins.scala:494)
	at scala.meta.internal.pc.MetalsGlobal$MetalsInteractiveAnalyzer.pluginsEnterSym(MetalsGlobal.scala:66)
	at scala.tools.nsc.typechecker.Namers$Namer.enterSym(Namers.scala:287)
	at scala.tools.nsc.typechecker.Typers$Typer.enterSym(Typers.scala:1978)
	at scala.tools.nsc.typechecker.Typers$Typer.enterSyms(Typers.scala:1973)
	at scala.tools.nsc.typechecker.Typers$Typer.typedTemplate(Typers.scala:2033)
	at scala.tools.nsc.typechecker.Typers$Typer.typedModuleDef(Typers.scala:1933)
	at scala.tools.nsc.typechecker.Typers$Typer.typed1(Typers.scala:5958)
	at scala.tools.nsc.typechecker.Typers$Typer.typed(Typers.scala:6047)
	at scala.tools.nsc.typechecker.Typers$Typer.typedStat$1(Typers.scala:6125)
	at scala.tools.nsc.typechecker.Typers$Typer.$anonfun$typedStats$8(Typers.scala:3403)
	at scala.tools.nsc.typechecker.Typers$Typer.typedStats(Typers.scala:3403)
	at scala.tools.nsc.typechecker.Typers$Typer.typedPackageDef$1(Typers.scala:5640)
	at scala.tools.nsc.typechecker.Typers$Typer.typed1(Typers.scala:5960)
	at scala.tools.nsc.typechecker.Typers$Typer.typed(Typers.scala:6047)
	at scala.tools.nsc.typechecker.Analyzer$typerFactory$TyperPhase.apply(Analyzer.scala:117)
	at scala.tools.nsc.Global$GlobalPhase.applyPhase(Global.scala:467)
	at scala.tools.nsc.interactive.Global$TyperRun.applyPhase(Global.scala:1369)
	at scala.tools.nsc.interactive.Global$TyperRun.typeCheck(Global.scala:1362)
	at scala.tools.nsc.interactive.Global.typeCheck(Global.scala:680)
	at scala.tools.nsc.interactive.Global.typedTreeAt(Global.scala:829)
	at scala.tools.nsc.interactive.Global.completionsAt(Global.scala:1232)
	at scala.meta.internal.pc.CompletionProvider.safeCompletionsAt(CompletionProvider.scala:439)
	at scala.meta.internal.pc.CompletionProvider.completions(CompletionProvider.scala:58)

Apr 25, 2023 4:13:55 PM scala.meta.internal.pc.CompilerAccess retryWithCleanCompiler
INFO: compiler crashed due to an error in the Scala compiler, retrying with new compiler instance.
Apr 25, 2023 4:13:55 PM scala.meta.internal.pc.CompilerAccess handleError
SEVERE: implicit class <error> extends  (of class scala.reflect.internal.Trees$ClassDef)
scala.MatchError: implicit class <error> extends  (of class scala.reflect.internal.Trees$ClassDef)
	at scala.tools.nsc.typechecker.Unapplies.constrParamss(Unapplies.scala:88)
	at scala.tools.nsc.typechecker.Unapplies.factoryMeth(Unapplies.scala:139)
	at scala.tools.nsc.typechecker.Unapplies.factoryMeth$(Unapplies.scala:136)
	at scala.meta.internal.pc.MetalsGlobal$MetalsInteractiveAnalyzer.factoryMeth(MetalsGlobal.scala:66)
	at scala.tools.nsc.typechecker.MethodSynthesis$MethodSynth.enterImplicitWrapper(MethodSynthesis.scala:238)
	at scala.tools.nsc.typechecker.MethodSynthesis$MethodSynth.enterImplicitWrapper$(MethodSynthesis.scala:237)
	at scala.tools.nsc.typechecker.Namers$Namer.enterImplicitWrapper(Namers.scala:57)
	at scala.tools.nsc.interactive.InteractiveAnalyzer$InteractiveNamer.enterExistingSym(Global.scala:95)
	at scala.tools.nsc.interactive.InteractiveAnalyzer$InteractiveNamer.enterExistingSym$(Global.scala:81)
	at scala.tools.nsc.interactive.InteractiveAnalyzer$$anon$2.enterExistingSym(Global.scala:51)
	at scala.tools.nsc.typechecker.Namers$Namer.standardEnterSym(Namers.scala:313)
	at scala.tools.nsc.typechecker.AnalyzerPlugins.pluginsEnterSym(AnalyzerPlugins.scala:495)
	at scala.tools.nsc.typechecker.AnalyzerPlugins.pluginsEnterSym$(AnalyzerPlugins.scala:494)
	at scala.meta.internal.pc.MetalsGlobal$MetalsInteractiveAnalyzer.pluginsEnterSym(MetalsGlobal.scala:66)
	at scala.tools.nsc.typechecker.Namers$Namer.enterSym(Namers.scala:287)
	at scala.tools.nsc.typechecker.Typers$Typer.enterSym(Typers.scala:1978)
	at scala.tools.nsc.typechecker.Typers$Typer.enterSyms(Typers.scala:1973)
	at scala.tools.nsc.typechecker.Typers$Typer.typedTemplate(Typers.scala:2033)
	at scala.tools.nsc.typechecker.Typers$Typer.typedModuleDef(Typers.scala:1933)
	at scala.tools.nsc.typechecker.Typers$Typer.typed1(Typers.scala:5958)
	at scala.tools.nsc.typechecker.Typers$Typer.typed(Typers.scala:6047)
	at scala.tools.nsc.typechecker.Typers$Typer.typedStat$1(Typers.scala:6125)
	at scala.tools.nsc.typechecker.Typers$Typer.$anonfun$typedStats$8(Typers.scala:3403)
	at scala.tools.nsc.typechecker.Typers$Typer.typedStats(Typers.scala:3403)
	at scala.tools.nsc.typechecker.Typers$Typer.typedPackageDef$1(Typers.scala:5640)
	at scala.tools.nsc.typechecker.Typers$Typer.typed1(Typers.scala:5960)
	at scala.tools.nsc.typechecker.Typers$Typer.typed(Typers.scala:6047)
	at scala.tools.nsc.typechecker.Analyzer$typerFactory$TyperPhase.apply(Analyzer.scala:117)
	at scala.tools.nsc.Global$GlobalPhase.applyPhase(Global.scala:467)
	at scala.tools.nsc.interactive.Global$TyperRun.applyPhase(Global.scala:1369)
	at scala.tools.nsc.interactive.Global$TyperRun.typeCheck(Global.scala:1362)
	at scala.tools.nsc.interactive.Global.typeCheck(Global.scala:680)
	at scala.tools.nsc.interactive.Global.typedTreeAt(Global.scala:829)
	at scala.tools.nsc.interactive.Global.completionsAt(Global.scala:1232)
	at scala.meta.internal.pc.CompletionProvider.safeCompletionsAt(CompletionProvider.scala:439)
	at scala.meta.internal.pc.CompletionProvider.completions(CompletionProvider.scala:58)

Apr 25, 2023 4:13:55 PM scala.meta.internal.pc.CompilerAccess retryWithCleanCompiler
INFO: compiler crashed due to an error in the Scala compiler, retrying with new compiler instance.
Apr 25, 2023 4:13:55 PM scala.meta.internal.pc.CompilerAccess handleError
SEVERE: implicit class <error> extends  (of class scala.reflect.internal.Trees$ClassDef)
scala.MatchError: implicit class <error> extends  (of class scala.reflect.internal.Trees$ClassDef)
	at scala.tools.nsc.typechecker.Unapplies.constrParamss(Unapplies.scala:88)
	at scala.tools.nsc.typechecker.Unapplies.factoryMeth(Unapplies.scala:139)
	at scala.tools.nsc.typechecker.Unapplies.factoryMeth$(Unapplies.scala:136)
	at scala.meta.internal.pc.MetalsGlobal$MetalsInteractiveAnalyzer.factoryMeth(MetalsGlobal.scala:66)
	at scala.tools.nsc.typechecker.MethodSynthesis$MethodSynth.enterImplicitWrapper(MethodSynthesis.scala:238)
	at scala.tools.nsc.typechecker.MethodSynthesis$MethodSynth.enterImplicitWrapper$(MethodSynthesis.scala:237)
	at scala.tools.nsc.typechecker.Namers$Namer.enterImplicitWrapper(Namers.scala:57)
	at scala.tools.nsc.interactive.InteractiveAnalyzer$InteractiveNamer.enterExistingSym(Global.scala:95)
	at scala.tools.nsc.interactive.InteractiveAnalyzer$InteractiveNamer.enterExistingSym$(Global.scala:81)
	at scala.tools.nsc.interactive.InteractiveAnalyzer$$anon$2.enterExistingSym(Global.scala:51)
	at scala.tools.nsc.typechecker.Namers$Namer.standardEnterSym(Namers.scala:313)
	at scala.tools.nsc.typechecker.AnalyzerPlugins.pluginsEnterSym(AnalyzerPlugins.scala:495)
	at scala.tools.nsc.typechecker.AnalyzerPlugins.pluginsEnterSym$(AnalyzerPlugins.scala:494)
	at scala.meta.internal.pc.MetalsGlobal$MetalsInteractiveAnalyzer.pluginsEnterSym(MetalsGlobal.scala:66)
	at scala.tools.nsc.typechecker.Namers$Namer.enterSym(Namers.scala:287)
	at scala.tools.nsc.typechecker.Typers$Typer.enterSym(Typers.scala:1978)
	at scala.tools.nsc.typechecker.Typers$Typer.enterSyms(Typers.scala:1973)
	at scala.tools.nsc.typechecker.Typers$Typer.typedTemplate(Typers.scala:2033)
	at scala.tools.nsc.typechecker.Typers$Typer.typedModuleDef(Typers.scala:1933)
	at scala.tools.nsc.typechecker.Typers$Typer.typed1(Typers.scala:5958)
	at scala.tools.nsc.typechecker.Typers$Typer.typed(Typers.scala:6047)
	at scala.tools.nsc.typechecker.Typers$Typer.typedStat$1(Typers.scala:6125)
	at scala.tools.nsc.typechecker.Typers$Typer.$anonfun$typedStats$8(Typers.scala:3403)
	at scala.tools.nsc.typechecker.Typers$Typer.typedStats(Typers.scala:3403)
	at scala.tools.nsc.typechecker.Typers$Typer.typedPackageDef$1(Typers.scala:5640)
	at scala.tools.nsc.typechecker.Typers$Typer.typed1(Typers.scala:5960)
	at scala.tools.nsc.typechecker.Typers$Typer.typed(Typers.scala:6047)
	at scala.tools.nsc.typechecker.Analyzer$typerFactory$TyperPhase.apply(Analyzer.scala:117)
	at scala.tools.nsc.Global$GlobalPhase.applyPhase(Global.scala:467)
	at scala.tools.nsc.interactive.Global$TyperRun.applyPhase(Global.scala:1369)
	at scala.tools.nsc.interactive.Global$TyperRun.typeCheck(Global.scala:1362)
	at scala.tools.nsc.interactive.Global.typeCheck(Global.scala:680)
	at scala.tools.nsc.interactive.Global.typedTreeAt(Global.scala:829)
	at scala.tools.nsc.interactive.Global.completionsAt(Global.scala:1232)
	at scala.meta.internal.pc.CompletionProvider.safeCompletionsAt(CompletionProvider.scala:439)
	at scala.meta.internal.pc.CompletionProvider.completions(CompletionProvider.scala:58)

Apr 25, 2023 4:13:55 PM scala.meta.internal.pc.CompilerAccess retryWithCleanCompiler
INFO: compiler crashed due to an error in the Scala compiler, retrying with new compiler instance.
Apr 25, 2023 4:13:55 PM scala.meta.internal.pc.CompilerAccess handleError
SEVERE: implicit class <error> extends  (of class scala.reflect.internal.Trees$ClassDef)
scala.MatchError: implicit class <error> extends  (of class scala.reflect.internal.Trees$ClassDef)
	at scala.tools.nsc.typechecker.Unapplies.constrParamss(Unapplies.scala:88)
	at scala.tools.nsc.typechecker.Unapplies.factoryMeth(Unapplies.scala:139)
	at scala.tools.nsc.typechecker.Unapplies.factoryMeth$(Unapplies.scala:136)
	at scala.meta.internal.pc.MetalsGlobal$MetalsInteractiveAnalyzer.factoryMeth(MetalsGlobal.scala:66)
	at scala.tools.nsc.typechecker.MethodSynthesis$MethodSynth.enterImplicitWrapper(MethodSynthesis.scala:238)
	at scala.tools.nsc.typechecker.MethodSynthesis$MethodSynth.enterImplicitWrapper$(MethodSynthesis.scala:237)
	at scala.tools.nsc.typechecker.Namers$Namer.enterImplicitWrapper(Namers.scala:57)
	at scala.tools.nsc.interactive.InteractiveAnalyzer$InteractiveNamer.enterExistingSym(Global.scala:95)
	at scala.tools.nsc.interactive.InteractiveAnalyzer$InteractiveNamer.enterExistingSym$(Global.scala:81)
	at scala.tools.nsc.interactive.InteractiveAnalyzer$$anon$2.enterExistingSym(Global.scala:51)
	at scala.tools.nsc.typechecker.Namers$Namer.standardEnterSym(Namers.scala:313)
	at scala.tools.nsc.typechecker.AnalyzerPlugins.pluginsEnterSym(AnalyzerPlugins.scala:495)
	at scala.tools.nsc.typechecker.AnalyzerPlugins.pluginsEnterSym$(AnalyzerPlugins.scala:494)
	at scala.meta.internal.pc.MetalsGlobal$MetalsInteractiveAnalyzer.pluginsEnterSym(MetalsGlobal.scala:66)
	at scala.tools.nsc.typechecker.Namers$Namer.enterSym(Namers.scala:287)
	at scala.tools.nsc.typechecker.Typers$Typer.enterSym(Typers.scala:1978)
	at scala.tools.nsc.typechecker.Typers$Typer.enterSyms(Typers.scala:1973)
	at scala.tools.nsc.typechecker.Typers$Typer.typedTemplate(Typers.scala:2033)
	at scala.tools.nsc.typechecker.Typers$Typer.typedModuleDef(Typers.scala:1933)
	at scala.tools.nsc.typechecker.Typers$Typer.typed1(Typers.scala:5958)
	at scala.tools.nsc.typechecker.Typers$Typer.typed(Typers.scala:6047)
	at scala.tools.nsc.typechecker.Typers$Typer.typedStat$1(Typers.scala:6125)
	at scala.tools.nsc.typechecker.Typers$Typer.$anonfun$typedStats$8(Typers.scala:3403)
	at scala.tools.nsc.typechecker.Typers$Typer.typedStats(Typers.scala:3403)
	at scala.tools.nsc.typechecker.Typers$Typer.typedPackageDef$1(Typers.scala:5640)
	at scala.tools.nsc.typechecker.Typers$Typer.typed1(Typers.scala:5960)
	at scala.tools.nsc.typechecker.Typers$Typer.typed(Typers.scala:6047)
	at scala.tools.nsc.typechecker.Analyzer$typerFactory$TyperPhase.apply(Analyzer.scala:117)
	at scala.tools.nsc.Global$GlobalPhase.applyPhase(Global.scala:467)
	at scala.tools.nsc.interactive.Global$TyperRun.applyPhase(Global.scala:1369)
	at scala.tools.nsc.interactive.Global$TyperRun.typeCheck(Global.scala:1362)
	at scala.tools.nsc.interactive.Global.typeCheck(Global.scala:680)
	at scala.tools.nsc.interactive.Global.typedTreeAt(Global.scala:829)
	at scala.tools.nsc.interactive.Global.completionsAt(Global.scala:1232)
	at scala.meta.internal.pc.CompletionProvider.safeCompletionsAt(CompletionProvider.scala:439)
	at scala.meta.internal.pc.CompletionProvider.completions(CompletionProvider.scala:58)

2023.04.25 16:14:26 INFO  compiling root (1 scala source)[0m
2023.04.25 16:14:28 INFO  time: compiled root in 1.68s[0m
2023.04.25 16:15:21 INFO  compiling root (1 scala source)[0m
2023.04.25 16:15:21 INFO  time: compiled root in 0.52s[0m
2023.04.25 16:15:37 INFO  compiling root (1 scala source)[0m
2023.04.25 16:15:37 INFO  time: compiled root in 0.32s[0m
2023.04.25 16:15:58 INFO  compiling root (1 scala source)[0m
2023.04.25 16:15:59 INFO  time: compiled root in 1.18s[0m
2023.04.25 16:16:50 INFO  compiling root (1 scala source)[0m
2023.04.25 16:16:54 INFO  time: compiled root in 3.35s[0m
2023.04.25 16:18:28 INFO  compiling root (1 scala source)[0m
2023.04.25 16:18:29 INFO  time: compiled root in 1.72s[0m
2023.04.25 16:19:42 INFO  compiling root (1 scala source)[0m
2023.04.25 16:19:43 INFO  time: compiled root in 1.37s[0m
2023.04.25 16:20:59 INFO  compiling root (1 scala source)[0m
2023.04.25 16:20:59 INFO  time: compiled root in 0.26s[0m
2023.04.25 16:22:38 INFO  compiling root (1 scala source)[0m
2023.04.25 16:22:39 INFO  time: compiled root in 1.07s[0m
2023.04.25 16:22:40 INFO  compiling root (2 scala sources)[0m
2023.04.25 16:22:44 INFO  time: compiled root in 3.69s[0m
2023.04.25 16:28:52 INFO  compiling root (1 scala source)[0m
2023.04.25 16:28:52 INFO  time: compiled root in 0.61s[0m
2023.04.25 16:29:35 INFO  compiling root (1 scala source)[0m
2023.04.25 16:29:35 INFO  time: compiled root in 0.41s[0m
2023.04.25 16:29:49 INFO  compiling root (1 scala source)[0m
2023.04.25 16:29:49 INFO  time: compiled root in 0.33s[0m
2023.04.25 16:29:58 INFO  compiling root (1 scala source)[0m
2023.04.25 16:30:01 INFO  time: compiled root in 2.91s[0m
2023.04.25 16:31:07 INFO  compiling root (1 scala source)[0m
2023.04.25 16:31:08 INFO  time: compiled root in 1.06s[0m
2023.04.25 16:31:25 INFO  compiling root (1 scala source)[0m
2023.04.25 16:31:25 INFO  time: compiled root in 0.47s[0m
2023.04.25 16:36:22 INFO  compiling root (1 scala source)[0m
2023.04.25 16:36:22 INFO  time: compiled root in 0.61s[0m
2023.04.25 16:36:30 INFO  compiling root (1 scala source)[0m
2023.04.25 16:36:31 INFO  time: compiled root in 1.06s[0m
2023.04.25 16:36:37 INFO  compiling root (1 scala source)[0m
2023.04.25 16:36:37 INFO  time: compiled root in 0.97s[0m
2023.04.25 16:38:06 INFO  compiling root (1 scala source)[0m
2023.04.25 16:38:10 INFO  time: compiled root in 3.13s[0m
2023.04.25 16:38:25 INFO  compiling root (1 scala source)[0m
2023.04.25 16:38:25 INFO  time: compiled root in 0.84s[0m
2023.04.25 16:41:21 INFO  compiling root (1 scala source)[0m
2023.04.25 16:41:21 INFO  time: compiled root in 88ms[0m
2023.04.25 16:41:27 INFO  compiling root (1 scala source)[0m
2023.04.25 16:41:28 INFO  time: compiled root in 1.3s[0m
2023.04.25 16:41:52 INFO  compiling root (1 scala source)[0m
2023.04.25 16:41:53 INFO  time: compiled root in 1s[0m
2023.04.25 16:42:36 INFO  compiling root (1 scala source)[0m
2023.04.25 16:42:36 INFO  time: compiled root in 98ms[0m
2023.04.25 16:43:05 INFO  compiling root (1 scala source)[0m
2023.04.25 16:43:05 INFO  time: compiled root in 92ms[0m
2023.04.25 16:43:20 INFO  compiling root (1 scala source)[0m
2023.04.25 16:43:20 INFO  time: compiled root in 0.46s[0m
2023.04.25 16:45:03 INFO  compiling root (1 scala source)[0m
2023.04.25 16:45:03 INFO  time: compiled root in 0.34s[0m
2023.04.25 16:45:13 INFO  compiling root (1 scala source)[0m
2023.04.25 16:45:13 INFO  time: compiled root in 0.31s[0m
2023.04.25 16:46:10 INFO  compiling root (1 scala source)[0m
2023.04.25 16:46:12 INFO  time: compiled root in 2.12s[0m
2023.04.25 16:46:25 INFO  compiling root (1 scala source)[0m
2023.04.25 16:46:25 INFO  time: compiled root in 0.61s[0m
2023.04.25 16:46:57 INFO  file:///Users/alexscriba/Documents/Programming/University/CS4296%20-%20Cloud%20Computing/Group%20Project/DemoRunner/demorunner/src/main/scala/runner/Json.scala:40:27: stale bloop error: type mismatch;
 found   : List[runner.LangData]
 required: Either[Throwable,List[runner.LangData]]
      case Right(data) => data
                          ^^^^[0m
2023.04.25 16:46:57 INFO  file:///Users/alexscriba/Documents/Programming/University/CS4296%20-%20Cloud%20Computing/Group%20Project/DemoRunner/demorunner/src/main/scala/runner/Json.scala:41:25: stale bloop error: type mismatch;
 found   : Throwable
 required: Either[Throwable,List[runner.LangData]]
      case Left(err) => new Throwable(err.getMessage())
                        ^^^^^^^^^^^^^^^^^^^^^^^^^^^^^^^[0m
2023.04.25 16:46:57 INFO  file:///Users/alexscriba/Documents/Programming/University/CS4296%20-%20Cloud%20Computing/Group%20Project/DemoRunner/demorunner/src/main/scala/runner/Json.scala:40:27: stale bloop error: type mismatch;
 found   : List[runner.LangData]
 required: Either[Throwable,List[runner.LangData]]
      case Right(data) => data
                          ^^^^[0m
2023.04.25 16:46:57 INFO  file:///Users/alexscriba/Documents/Programming/University/CS4296%20-%20Cloud%20Computing/Group%20Project/DemoRunner/demorunner/src/main/scala/runner/Json.scala:41:25: stale bloop error: type mismatch;
 found   : Throwable
 required: Either[Throwable,List[runner.LangData]]
      case Left(err) => new Throwable(err.getMessage())
                        ^^^^^^^^^^^^^^^^^^^^^^^^^^^^^^^[0m
2023.04.25 16:47:05 INFO  compiling root (1 scala source)[0m
2023.04.25 16:47:05 INFO  time: compiled root in 0.36s[0m
2023.04.25 16:48:39 INFO  compiling root (1 scala source)[0m
2023.04.25 16:48:39 INFO  time: compiled root in 0.33s[0m
2023.04.25 16:48:48 INFO  compiling root (1 scala source)[0m
2023.04.25 16:48:50 INFO  time: compiled root in 1.85s[0m
2023.04.25 16:48:50 INFO  compiling root (1 scala source)[0m
2023.04.25 16:48:50 INFO  time: compiled root in 0.13s[0m
2023.04.25 16:49:30 INFO  file:///Users/alexscriba/Documents/Programming/University/CS4296%20-%20Cloud%20Computing/Group%20Project/DemoRunner/demorunner/src/main/scala/runner/Main.scala:20:11: stale bloop error: value mkString is not a member of Either[Throwable,List[runner.LangData]]
did you mean toString?
  println(langData.mkString)
          ^^^^^^^^^^^^^^^^^[0m
2023.04.25 16:49:30 INFO  file:///Users/alexscriba/Documents/Programming/University/CS4296%20-%20Cloud%20Computing/Group%20Project/DemoRunner/demorunner/src/main/scala/runner/Main.scala:20:11: stale bloop error: value mkString is not a member of Either[Throwable,List[runner.LangData]]
did you mean toString?
  println(langData.mkString)
          ^^^^^^^^^^^^^^^^^[0m
2023.04.25 16:49:45 INFO  compiling root (1 scala source)[0m
2023.04.25 16:49:46 INFO  time: compiled root in 1.06s[0m
2023.04.25 16:49:46 INFO  compiling root (1 scala source)[0m
2023.04.25 16:49:46 INFO  time: compiled root in 69ms[0m
2023.04.25 16:50:25 INFO  compiling root (2 scala sources)[0m
2023.04.25 16:50:25 INFO  time: compiled root in 0.56s[0m
2023.04.25 16:51:29 INFO  compiling root (2 scala sources)[0m
2023.04.25 16:51:29 INFO  time: compiled root in 0.4s[0m
2023.04.25 16:51:49 INFO  compiling root (2 scala sources)[0m
2023.04.25 16:51:53 INFO  time: compiled root in 3.63s[0m
2023.04.25 16:55:20 INFO  compiling root (1 scala source)[0m
2023.04.25 16:55:20 INFO  time: compiled root in 0.58s[0m
2023.04.25 17:13:34 INFO  compiling root (1 scala source)[0m
2023.04.25 17:13:34 INFO  time: compiled root in 0.28s[0m
2023.04.25 17:15:33 INFO  compiling root (1 scala source)[0m
2023.04.25 17:15:33 WARN  1 deprecation (since 2.13.0); re-run with -deprecation for details[0m
2023.04.25 17:15:33 INFO  time: compiled root in 0.42s[0m
Apr 25, 2023 5:15:40 PM scala.meta.internal.pc.CompletionProvider expected$1
WARNING: Cannot invoke "scala.reflect.internal.Types$Type.decls()" because the return value of "scala.reflect.internal.Trees$Tree.tpe()" is null
2023.04.25 17:16:19 INFO  compiling root (1 scala source)[0m
2023.04.25 17:16:19 INFO  time: compiled root in 0.35s[0m
2023.04.25 17:17:24 INFO  compiling root (1 scala source)[0m
2023.04.25 17:17:24 INFO  time: compiled root in 66ms[0m
2023.04.25 17:18:13 INFO  compiling root (1 scala source)[0m
2023.04.25 17:18:13 INFO  time: compiled root in 65ms[0m
2023.04.25 17:19:17 INFO  compiling root (1 scala source)[0m
2023.04.25 17:19:17 INFO  time: compiled root in 63ms[0m
2023.04.25 17:21:43 INFO  compiling root (1 scala source)[0m
2023.04.25 17:21:43 INFO  time: compiled root in 0.13s[0m
2023.04.25 17:22:18 INFO  compiling root (1 scala source)[0m
2023.04.25 17:22:18 INFO  time: compiled root in 0.12s[0m
2023.04.25 17:22:23 INFO  compiling root (1 scala source)[0m
2023.04.25 17:22:23 INFO  time: compiled root in 0.55s[0m
2023.04.25 17:23:57 INFO  compiling root (1 scala source)[0m
2023.04.25 17:23:57 INFO  time: compiled root in 0.8s[0m
2023.04.25 17:25:15 INFO  compiling root (1 scala source)[0m
2023.04.25 17:25:15 INFO  time: compiled root in 0.39s[0m
2023.04.25 17:26:01 INFO  compiling root (1 scala source)[0m
2023.04.25 17:26:03 INFO  time: compiled root in 2.29s[0m
2023.04.25 17:31:37 INFO  compiling root (1 scala source)[0m
2023.04.25 17:31:37 INFO  time: compiled root in 0.6s[0m
2023.04.25 17:33:46 INFO  compiling root (1 scala source)[0m
2023.04.25 17:33:48 INFO  time: compiled root in 2.16s[0m
2023.04.25 17:33:48 INFO  compiling root (1 scala source)[0m
2023.04.25 17:33:48 INFO  time: compiled root in 0.32s[0m
2023.04.25 17:36:23 INFO  compiling root (1 scala source)[0m
2023.04.25 17:36:24 INFO  time: compiled root in 1.02s[0m
